2024-08-05 07:24:31.946937|INFO    |ServerLibPriv |   |TeamSpeak 3 Server 3.13.7 (2022-06-20 12:21:53)
2024-08-05 07:24:31.949937|INFO    |ServerLibPriv |   |SystemInformation: Windows 10 (19045) x64 (AMD or Intel) Binary: 64bit
2024-08-05 07:24:31.949937|INFO    |ServerLibPriv |   |Using hardware aes
2024-08-05 07:24:31.975938|INFO    |DatabaseQuery |   |dbPlugin name:    SQLite3 plugin, Version 3, (c)TeamSpeak Systems GmbH
2024-08-05 07:24:31.976937|INFO    |DatabaseQuery |   |dbPlugin version: 3.11.1
2024-08-05 07:24:31.979937|INFO    |DatabaseQuery |   |checking database integrity (may take a while)
2024-08-05 07:24:32.174940|WARNING |Accounting    |   |Unable to open licensekey.dat, falling back to limited functionality
2024-08-05 07:24:32.212937|INFO    |Accounting    |   |Licensing Information
2024-08-05 07:24:32.212937|INFO    |Accounting    |   |licensed to       : Anonymous
2024-08-05 07:24:32.212937|INFO    |Accounting    |   |type              : No License
2024-08-05 07:24:32.212937|INFO    |Accounting    |   |starting date     : Tue Feb  1 00:00:00 2022
2024-08-05 07:24:32.212937|INFO    |Accounting    |   |ending date       : Thu Jul  1 00:00:00 2027
2024-08-05 07:24:32.212937|INFO    |Accounting    |   |max virtualservers: 1
2024-08-05 07:24:32.212937|INFO    |Accounting    |   |max slots         : 32
2024-08-05 07:24:34.270937|INFO    |              |   |Puzzle precompute time: 1791
2024-08-05 07:24:34.283938|INFO    |FileManager   |   |listening on 0.0.0.0:30033, [::]:30033
2024-08-05 07:24:34.321938|INFO    |VirtualSvrMgr |   |executing monthly interval
2024-08-05 07:24:34.380940|INFO    |VirtualSvrMgr |   |reset virtualserver traffic statistics
2024-08-05 07:24:34.663939|INFO    |Query         |   |Using a query thread pool size of 2
2024-08-05 07:24:36.159622|INFO    |Query         |   |listening for query on 0.0.0.0:10011, [::]:10011
2024-08-05 07:24:36.164620|INFO    |              |   |myTeamSpeak identifier revocation list was downloaded successfully - all related features are activated
2024-08-05 07:24:36.173621|INFO    |Query         |   |listening for ssh query on 0.0.0.0:10022, [::]:10022
2024-08-05 07:24:36.173621|INFO    |Query         |   |listening for http query on 0.0.0.0:10080, [::]:10080
2024-08-05 07:24:36.175622|INFO    |CIDRManager   |   |updated query_ip_allowlist ips: 127.0.0.1/32, ::1/128, 
2024-08-05 07:29:34.870595|ERROR   |              |   |TS3ANetwork::Recv failed error: 10054
2024-08-05 07:29:36.094595|ERROR   |              |   |TS3ANetwork::Recv failed error: 10054
2024-08-05 07:29:38.079097|ERROR   |              |   |TS3ANetwork::Recv failed error: 10054
2024-08-05 07:39:34.876932|ERROR   |              |   |TS3ANetwork::Recv failed error: 10054
2024-08-05 07:39:36.107857|ERROR   |              |   |TS3ANetwork::Recv failed error: 10054
2024-08-05 07:39:38.074584|ERROR   |              |   |TS3ANetwork::Recv failed error: 10054
2024-08-05 07:49:34.966114|ERROR   |              |   |TS3ANetwork::Recv failed error: 10054
2024-08-05 07:49:36.068707|ERROR   |              |   |TS3ANetwork::Recv failed error: 10054
2024-08-05 07:49:38.041709|ERROR   |              |   |TS3ANetwork::Recv failed error: 10054
2024-08-05 07:59:34.986511|ERROR   |              |   |TS3ANetwork::Recv failed error: 10054
2024-08-05 07:59:36.095490|ERROR   |              |   |TS3ANetwork::Recv failed error: 10054
2024-08-05 07:59:38.060670|ERROR   |              |   |TS3ANetwork::Recv failed error: 10054
2024-08-05 08:09:35.175719|ERROR   |              |   |TS3ANetwork::Recv failed error: 10054
2024-08-05 08:09:37.034201|ERROR   |              |   |TS3ANetwork::Recv failed error: 10054
2024-08-05 08:09:39.114937|ERROR   |              |   |TS3ANetwork::Recv failed error: 10054
2024-08-05 08:19:37.139238|ERROR   |              |   |TS3ANetwork::Recv failed error: 10054
2024-08-05 08:19:39.114708|ERROR   |              |   |TS3ANetwork::Recv failed error: 10054
2024-08-05 08:29:35.260904|ERROR   |              |   |TS3ANetwork::Recv failed error: 10054
2024-08-05 08:29:37.111469|ERROR   |              |   |TS3ANetwork::Recv failed error: 10054
2024-08-05 08:29:39.072801|ERROR   |              |   |TS3ANetwork::Recv failed error: 10054
2024-08-05 08:39:35.260324|ERROR   |              |   |TS3ANetwork::Recv failed error: 10054
2024-08-05 08:39:37.121428|ERROR   |              |   |TS3ANetwork::Recv failed error: 10054
2024-08-05 08:39:39.077801|ERROR   |              |   |TS3ANetwork::Recv failed error: 10054
2024-08-05 08:49:35.419874|ERROR   |              |   |TS3ANetwork::Recv failed error: 10054
2024-08-05 08:49:37.073652|ERROR   |              |   |TS3ANetwork::Recv failed error: 10054
2024-08-05 08:49:39.043549|ERROR   |              |   |TS3ANetwork::Recv failed error: 10054
2024-08-05 08:59:35.396345|ERROR   |              |   |TS3ANetwork::Recv failed error: 10054
2024-08-05 08:59:37.052364|ERROR   |              |   |TS3ANetwork::Recv failed error: 10054
2024-08-05 08:59:39.116151|ERROR   |              |   |TS3ANetwork::Recv failed error: 10054
2024-08-05 09:09:35.436141|ERROR   |              |   |TS3ANetwork::Recv failed error: 10054
2024-08-05 09:09:37.086612|ERROR   |              |   |TS3ANetwork::Recv failed error: 10054
2024-08-05 09:09:39.068427|ERROR   |              |   |TS3ANetwork::Recv failed error: 10054
2024-08-05 09:19:35.379941|ERROR   |              |   |TS3ANetwork::Recv failed error: 10054
2024-08-05 09:19:37.131125|ERROR   |              |   |TS3ANetwork::Recv failed error: 10054
2024-08-05 09:19:39.086530|ERROR   |              |   |TS3ANetwork::Recv failed error: 10054
2024-08-05 09:29:35.512330|ERROR   |              |   |TS3ANetwork::Recv failed error: 10054
2024-08-05 09:29:37.130842|ERROR   |              |   |TS3ANetwork::Recv failed error: 10054
2024-08-05 09:29:39.081961|ERROR   |              |   |TS3ANetwork::Recv failed error: 10054
2024-08-05 09:39:35.591884|ERROR   |              |   |TS3ANetwork::Recv failed error: 10054
2024-08-05 09:39:37.145878|ERROR   |              |   |TS3ANetwork::Recv failed error: 10054
2024-08-05 09:39:39.105521|ERROR   |              |   |TS3ANetwork::Recv failed error: 10054
2024-08-05 09:49:35.641855|ERROR   |              |   |TS3ANetwork::Recv failed error: 10054
2024-08-05 09:49:37.070964|ERROR   |              |   |TS3ANetwork::Recv failed error: 10054
2024-08-05 09:49:39.052791|ERROR   |              |   |TS3ANetwork::Recv failed error: 10054
2024-08-05 09:59:35.777639|ERROR   |              |   |TS3ANetwork::Recv failed error: 10054
2024-08-05 09:59:37.123790|ERROR   |              |   |TS3ANetwork::Recv failed error: 10054
2024-08-05 09:59:39.130900|ERROR   |              |   |TS3ANetwork::Recv failed error: 10054
2024-08-05 10:08:41.732621|ERROR   |              |   |TS3ANetwork::Recv failed error: 10054
2024-08-05 10:08:43.067873|ERROR   |              |   |TS3ANetwork::Recv failed error: 10054
2024-08-05 10:08:45.056290|ERROR   |              |   |TS3ANetwork::Recv failed error: 10054
2024-08-05 10:18:41.821767|ERROR   |              |   |TS3ANetwork::Recv failed error: 10054
2024-08-05 10:18:43.065767|ERROR   |              |   |TS3ANetwork::Recv failed error: 10054
2024-08-05 10:18:45.058102|ERROR   |              |   |TS3ANetwork::Recv failed error: 10054
2024-08-05 10:28:41.811750|ERROR   |              |   |TS3ANetwork::Recv failed error: 10054
2024-08-05 10:28:43.136323|ERROR   |              |   |TS3ANetwork::Recv failed error: 10054
2024-08-05 10:28:45.116636|ERROR   |              |   |TS3ANetwork::Recv failed error: 10054
2024-08-05 10:38:41.812371|ERROR   |              |   |TS3ANetwork::Recv failed error: 10054
2024-08-05 10:38:43.134183|ERROR   |              |   |TS3ANetwork::Recv failed error: 10054
2024-08-05 10:38:45.119473|ERROR   |              |   |TS3ANetwork::Recv failed error: 10054
2024-08-05 10:48:41.935425|ERROR   |              |   |TS3ANetwork::Recv failed error: 10054
2024-08-05 10:48:43.055024|ERROR   |              |   |TS3ANetwork::Recv failed error: 10054
2024-08-05 10:48:45.033437|ERROR   |              |   |TS3ANetwork::Recv failed error: 10054
2024-08-05 10:58:41.864664|ERROR   |              |   |TS3ANetwork::Recv failed error: 10054
2024-08-05 10:58:43.087786|ERROR   |              |   |TS3ANetwork::Recv failed error: 10054
2024-08-05 10:58:45.054468|ERROR   |              |   |TS3ANetwork::Recv failed error: 10054
2024-08-05 11:08:41.938485|ERROR   |              |   |TS3ANetwork::Recv failed error: 10054
2024-08-05 11:08:43.050330|ERROR   |              |   |TS3ANetwork::Recv failed error: 10054
2024-08-05 11:08:45.044355|ERROR   |              |   |TS3ANetwork::Recv failed error: 10054
2024-08-05 11:18:42.117117|ERROR   |              |   |TS3ANetwork::Recv failed error: 10054
2024-08-05 11:18:44.095720|ERROR   |              |   |TS3ANetwork::Recv failed error: 10054
2024-08-05 11:18:46.075764|ERROR   |              |   |TS3ANetwork::Recv failed error: 10054
2024-08-05 11:28:42.112696|ERROR   |              |   |TS3ANetwork::Recv failed error: 10054
2024-08-05 11:28:44.086712|ERROR   |              |   |TS3ANetwork::Recv failed error: 10054
2024-08-05 11:28:46.062719|ERROR   |              |   |TS3ANetwork::Recv failed error: 10054
2024-08-05 11:38:42.174639|ERROR   |              |   |TS3ANetwork::Recv failed error: 10054
2024-08-05 11:38:44.038515|ERROR   |              |   |TS3ANetwork::Recv failed error: 10054
2024-08-05 11:38:46.128295|ERROR   |              |   |TS3ANetwork::Recv failed error: 10054
2024-08-05 11:48:42.169905|ERROR   |              |   |TS3ANetwork::Recv failed error: 10054
2024-08-05 11:48:44.051359|ERROR   |              |   |TS3ANetwork::Recv failed error: 10054
2024-08-05 11:48:46.032625|ERROR   |              |   |TS3ANetwork::Recv failed error: 10054
2024-08-05 11:58:42.324774|ERROR   |              |   |TS3ANetwork::Recv failed error: 10054
2024-08-05 11:58:44.062723|ERROR   |              |   |TS3ANetwork::Recv failed error: 10054
2024-08-05 12:08:42.340521|ERROR   |              |   |TS3ANetwork::Recv failed error: 10054
2024-08-05 12:08:44.101221|ERROR   |              |   |TS3ANetwork::Recv failed error: 10054
2024-08-05 12:08:46.080637|ERROR   |              |   |TS3ANetwork::Recv failed error: 10054
2024-08-05 12:18:42.411778|ERROR   |              |   |TS3ANetwork::Recv failed error: 10054
2024-08-05 12:18:44.046616|ERROR   |              |   |TS3ANetwork::Recv failed error: 10054
2024-08-05 12:18:46.123757|ERROR   |              |   |TS3ANetwork::Recv failed error: 10054
2024-08-05 12:28:42.392616|ERROR   |              |   |TS3ANetwork::Recv failed error: 10054
2024-08-05 12:28:44.054513|ERROR   |              |   |TS3ANetwork::Recv failed error: 10054
2024-08-05 12:28:46.035651|ERROR   |              |   |TS3ANetwork::Recv failed error: 10054
2024-08-05 12:38:42.471767|ERROR   |              |   |TS3ANetwork::Recv failed error: 10054
2024-08-05 12:38:44.031445|ERROR   |              |   |TS3ANetwork::Recv failed error: 10054
2024-08-05 12:38:46.142660|ERROR   |              |   |TS3ANetwork::Recv failed error: 10054
2024-08-05 12:48:42.481531|ERROR   |              |   |TS3ANetwork::Recv failed error: 10054
2024-08-05 12:48:44.037309|ERROR   |              |   |TS3ANetwork::Recv failed error: 10054
2024-08-05 12:48:46.132621|ERROR   |              |   |TS3ANetwork::Recv failed error: 10054
2024-08-05 12:58:42.526559|ERROR   |              |   |TS3ANetwork::Recv failed error: 10054
2024-08-05 12:58:44.061731|ERROR   |              |   |TS3ANetwork::Recv failed error: 10054
2024-08-05 12:58:46.028290|ERROR   |              |   |TS3ANetwork::Recv failed error: 10054
2024-08-05 13:08:42.646412|ERROR   |              |   |TS3ANetwork::Recv failed error: 10054
2024-08-05 13:08:44.101506|ERROR   |              |   |TS3ANetwork::Recv failed error: 10054
2024-08-05 13:08:46.091412|ERROR   |              |   |TS3ANetwork::Recv failed error: 10054
2024-08-05 13:18:42.594263|ERROR   |              |   |TS3ANetwork::Recv failed error: 10054
2024-08-05 13:18:44.129819|ERROR   |              |   |TS3ANetwork::Recv failed error: 10054
2024-08-05 13:18:46.124903|ERROR   |              |   |TS3ANetwork::Recv failed error: 10054
2024-08-05 13:28:42.744616|ERROR   |              |   |TS3ANetwork::Recv failed error: 10054
2024-08-05 13:28:44.069788|ERROR   |              |   |TS3ANetwork::Recv failed error: 10054
2024-08-05 13:28:46.059916|ERROR   |              |   |TS3ANetwork::Recv failed error: 10054
2024-08-05 13:38:42.803503|ERROR   |              |   |TS3ANetwork::Recv failed error: 10054
2024-08-05 13:38:44.115640|ERROR   |              |   |TS3ANetwork::Recv failed error: 10054
2024-08-05 13:38:46.091826|ERROR   |              |   |TS3ANetwork::Recv failed error: 10054
2024-08-05 13:48:42.804862|ERROR   |              |   |TS3ANetwork::Recv failed error: 10054
2024-08-05 13:48:44.144862|ERROR   |              |   |TS3ANetwork::Recv failed error: 10054
2024-08-05 13:48:46.104012|ERROR   |              |   |TS3ANetwork::Recv failed error: 10054
2024-08-05 13:58:42.882766|ERROR   |              |   |TS3ANetwork::Recv failed error: 10054
2024-08-05 13:58:44.100543|ERROR   |              |   |TS3ANetwork::Recv failed error: 10054
2024-08-05 13:58:46.125558|ERROR   |              |   |TS3ANetwork::Recv failed error: 10054
2024-08-05 14:08:42.898488|ERROR   |              |   |TS3ANetwork::Recv failed error: 10054
2024-08-05 14:08:46.049640|ERROR   |              |   |TS3ANetwork::Recv failed error: 10054
2024-08-05 14:18:42.930710|ERROR   |              |   |TS3ANetwork::Recv failed error: 10054
2024-08-05 14:18:44.038766|ERROR   |              |   |TS3ANetwork::Recv failed error: 10054
2024-08-05 14:18:46.130077|ERROR   |              |   |TS3ANetwork::Recv failed error: 10054
2024-08-05 14:28:42.996510|ERROR   |              |   |TS3ANetwork::Recv failed error: 10054
2024-08-05 14:28:44.128861|ERROR   |              |   |TS3ANetwork::Recv failed error: 10054
2024-08-05 14:28:46.115588|ERROR   |              |   |TS3ANetwork::Recv failed error: 10054
2024-08-05 14:38:43.070553|ERROR   |              |   |TS3ANetwork::Recv failed error: 10054
2024-08-05 14:38:45.068642|ERROR   |              |   |TS3ANetwork::Recv failed error: 10054
2024-08-05 14:38:47.063414|ERROR   |              |   |TS3ANetwork::Recv failed error: 10054
2024-08-05 14:48:43.044677|ERROR   |              |   |TS3ANetwork::Recv failed error: 10054
2024-08-05 14:48:45.124763|ERROR   |              |   |TS3ANetwork::Recv failed error: 10054
2024-08-05 14:48:47.105776|ERROR   |              |   |TS3ANetwork::Recv failed error: 10054
2024-08-05 14:58:43.079049|ERROR   |              |   |TS3ANetwork::Recv failed error: 10054
2024-08-05 14:58:45.041616|ERROR   |              |   |TS3ANetwork::Recv failed error: 10054
2024-08-05 14:58:47.107582|ERROR   |              |   |TS3ANetwork::Recv failed error: 10054
2024-08-05 15:08:43.096269|ERROR   |              |   |TS3ANetwork::Recv failed error: 10054
2024-08-05 15:08:45.078243|ERROR   |              |   |TS3ANetwork::Recv failed error: 10054
2024-08-05 15:08:47.066297|ERROR   |              |   |TS3ANetwork::Recv failed error: 10054
2024-08-05 15:18:43.248955|ERROR   |              |   |TS3ANetwork::Recv failed error: 10054
2024-08-05 15:18:45.138277|ERROR   |              |   |TS3ANetwork::Recv failed error: 10054
2024-08-05 15:18:47.116955|ERROR   |              |   |TS3ANetwork::Recv failed error: 10054
2024-08-05 15:28:43.266255|ERROR   |              |   |TS3ANetwork::Recv failed error: 10054
2024-08-05 15:28:45.031963|ERROR   |              |   |TS3ANetwork::Recv failed error: 10054
2024-08-05 15:28:47.098717|ERROR   |              |   |TS3ANetwork::Recv failed error: 10054
2024-08-05 15:38:43.345625|ERROR   |              |   |TS3ANetwork::Recv failed error: 10054
2024-08-05 15:38:45.095355|ERROR   |              |   |TS3ANetwork::Recv failed error: 10054
2024-08-05 15:38:47.082373|ERROR   |              |   |TS3ANetwork::Recv failed error: 10054
2024-08-05 15:48:45.065293|ERROR   |              |   |TS3ANetwork::Recv failed error: 10054
2024-08-05 15:48:47.129781|ERROR   |              |   |TS3ANetwork::Recv failed error: 10054
2024-08-05 15:58:43.369975|ERROR   |              |   |TS3ANetwork::Recv failed error: 10054
2024-08-05 15:58:45.143853|ERROR   |              |   |TS3ANetwork::Recv failed error: 10054
2024-08-05 15:58:47.112755|ERROR   |              |   |TS3ANetwork::Recv failed error: 10054
2024-08-05 16:08:43.444623|ERROR   |              |   |TS3ANetwork::Recv failed error: 10054
2024-08-05 16:08:45.098880|ERROR   |              |   |TS3ANetwork::Recv failed error: 10054
2024-08-05 16:08:47.075801|ERROR   |              |   |TS3ANetwork::Recv failed error: 10054
2024-08-05 16:18:43.521649|ERROR   |              |   |TS3ANetwork::Recv failed error: 10054
2024-08-05 16:18:45.055775|ERROR   |              |   |TS3ANetwork::Recv failed error: 10054
2024-08-05 16:18:47.135263|ERROR   |              |   |TS3ANetwork::Recv failed error: 10054
2024-08-05 16:28:43.541641|ERROR   |              |   |TS3ANetwork::Recv failed error: 10054
2024-08-05 16:28:45.083503|ERROR   |              |   |TS3ANetwork::Recv failed error: 10054
2024-08-05 16:28:47.054476|ERROR   |              |   |TS3ANetwork::Recv failed error: 10054
2024-08-05 16:38:43.593475|ERROR   |              |   |TS3ANetwork::Recv failed error: 10054
2024-08-05 16:38:45.143582|ERROR   |              |   |TS3ANetwork::Recv failed error: 10054
2024-08-05 16:38:47.096665|ERROR   |              |   |TS3ANetwork::Recv failed error: 10054
2024-08-05 16:48:43.692883|ERROR   |              |   |TS3ANetwork::Recv failed error: 10054
2024-08-05 16:48:45.120969|ERROR   |              |   |TS3ANetwork::Recv failed error: 10054
2024-08-05 16:48:47.113637|ERROR   |              |   |TS3ANetwork::Recv failed error: 10054
2024-08-05 16:58:43.691825|ERROR   |              |   |TS3ANetwork::Recv failed error: 10054
2024-08-05 16:58:45.119692|ERROR   |              |   |TS3ANetwork::Recv failed error: 10054
2024-08-05 16:58:47.099663|ERROR   |              |   |TS3ANetwork::Recv failed error: 10054
2024-08-05 17:08:43.784823|ERROR   |              |   |TS3ANetwork::Recv failed error: 10054
2024-08-05 17:08:45.114650|ERROR   |              |   |TS3ANetwork::Recv failed error: 10054
2024-08-05 17:08:47.064641|ERROR   |              |   |TS3ANetwork::Recv failed error: 10054
2024-08-05 17:18:43.795490|ERROR   |              |   |TS3ANetwork::Recv failed error: 10054
2024-08-05 17:18:45.126574|ERROR   |              |   |TS3ANetwork::Recv failed error: 10054
2024-08-05 17:18:47.092524|ERROR   |              |   |TS3ANetwork::Recv failed error: 10054
2024-08-05 17:28:43.871616|ERROR   |              |   |TS3ANetwork::Recv failed error: 10054
2024-08-05 17:28:45.091514|ERROR   |              |   |TS3ANetwork::Recv failed error: 10054
2024-08-05 17:28:47.072870|ERROR   |              |   |TS3ANetwork::Recv failed error: 10054
2024-08-05 17:38:43.920623|ERROR   |              |   |TS3ANetwork::Recv failed error: 10054
2024-08-05 17:38:45.132774|ERROR   |              |   |TS3ANetwork::Recv failed error: 10054
2024-08-05 17:38:47.097720|ERROR   |              |   |TS3ANetwork::Recv failed error: 10054
2024-08-05 17:48:44.037453|ERROR   |              |   |TS3ANetwork::Recv failed error: 10054
2024-08-05 17:48:46.102491|ERROR   |              |   |TS3ANetwork::Recv failed error: 10054
2024-08-05 17:48:48.064798|ERROR   |              |   |TS3ANetwork::Recv failed error: 10054
2024-08-05 17:58:44.131103|ERROR   |              |   |TS3ANetwork::Recv failed error: 10054
2024-08-05 17:58:46.110426|ERROR   |              |   |TS3ANetwork::Recv failed error: 10054
2024-08-05 17:58:48.069562|ERROR   |              |   |TS3ANetwork::Recv failed error: 10054
2024-08-05 18:08:44.212059|ERROR   |              |   |TS3ANetwork::Recv failed error: 10054
2024-08-05 18:08:46.094418|ERROR   |              |   |TS3ANetwork::Recv failed error: 10054
2024-08-05 18:08:48.081371|ERROR   |              |   |TS3ANetwork::Recv failed error: 10054
2024-08-05 18:18:44.204372|ERROR   |              |   |TS3ANetwork::Recv failed error: 10054
2024-08-05 18:18:46.051650|ERROR   |              |   |TS3ANetwork::Recv failed error: 10054
2024-08-05 18:18:48.131588|ERROR   |              |   |TS3ANetwork::Recv failed error: 10054
2024-08-05 18:28:44.378708|ERROR   |              |   |TS3ANetwork::Recv failed error: 10054
2024-08-05 18:28:46.123462|ERROR   |              |   |TS3ANetwork::Recv failed error: 10054
2024-08-05 18:28:48.099040|ERROR   |              |   |TS3ANetwork::Recv failed error: 10054
2024-08-05 18:38:44.528775|ERROR   |              |   |TS3ANetwork::Recv failed error: 10054
2024-08-05 18:38:46.083634|ERROR   |              |   |TS3ANetwork::Recv failed error: 10054
2024-08-05 18:38:48.058620|ERROR   |              |   |TS3ANetwork::Recv failed error: 10054
2024-08-05 18:48:44.450703|ERROR   |              |   |TS3ANetwork::Recv failed error: 10054
2024-08-05 18:48:46.131954|ERROR   |              |   |TS3ANetwork::Recv failed error: 10054
2024-08-05 18:48:48.116267|ERROR   |              |   |TS3ANetwork::Recv failed error: 10054
2024-08-05 18:58:44.623826|ERROR   |              |   |TS3ANetwork::Recv failed error: 10054
2024-08-05 18:58:46.066601|ERROR   |              |   |TS3ANetwork::Recv failed error: 10054
2024-08-05 18:58:48.083514|ERROR   |              |   |TS3ANetwork::Recv failed error: 10054
2024-08-05 19:08:44.710602|ERROR   |              |   |TS3ANetwork::Recv failed error: 10054
2024-08-05 19:08:46.044414|ERROR   |              |   |TS3ANetwork::Recv failed error: 10054
2024-08-05 19:08:48.035033|ERROR   |              |   |TS3ANetwork::Recv failed error: 10054
2024-08-05 19:18:44.732636|ERROR   |              |   |TS3ANetwork::Recv failed error: 10054
2024-08-05 19:18:46.065928|ERROR   |              |   |TS3ANetwork::Recv failed error: 10054
2024-08-05 19:18:48.061418|ERROR   |              |   |TS3ANetwork::Recv failed error: 10054
2024-08-05 19:28:44.695490|ERROR   |              |   |TS3ANetwork::Recv failed error: 10054
2024-08-05 19:28:46.048979|ERROR   |              |   |TS3ANetwork::Recv failed error: 10054
2024-08-05 19:28:48.131325|ERROR   |              |   |TS3ANetwork::Recv failed error: 10054
2024-08-05 19:38:44.872563|ERROR   |              |   |TS3ANetwork::Recv failed error: 10054
2024-08-05 19:38:46.099593|ERROR   |              |   |TS3ANetwork::Recv failed error: 10054
2024-08-05 19:38:48.107767|ERROR   |              |   |TS3ANetwork::Recv failed error: 10054
2024-08-05 19:48:44.885636|ERROR   |              |   |TS3ANetwork::Recv failed error: 10054
2024-08-05 19:48:46.117695|ERROR   |              |   |TS3ANetwork::Recv failed error: 10054
2024-08-05 19:48:48.120159|ERROR   |              |   |TS3ANetwork::Recv failed error: 10054
2024-08-05 19:58:44.963517|ERROR   |              |   |TS3ANetwork::Recv failed error: 10054
2024-08-05 19:58:46.079780|ERROR   |              |   |TS3ANetwork::Recv failed error: 10054
2024-08-05 19:58:48.077590|ERROR   |              |   |TS3ANetwork::Recv failed error: 10054
2024-08-05 20:08:45.064430|ERROR   |              |   |TS3ANetwork::Recv failed error: 10054
2024-08-05 20:08:47.059717|ERROR   |              |   |TS3ANetwork::Recv failed error: 10054
2024-08-05 20:08:49.053987|ERROR   |              |   |TS3ANetwork::Recv failed error: 10054
2024-08-05 20:18:45.095977|ERROR   |              |   |TS3ANetwork::Recv failed error: 10054
2024-08-05 20:18:47.102402|ERROR   |              |   |TS3ANetwork::Recv failed error: 10054
2024-08-05 20:18:49.089863|ERROR   |              |   |TS3ANetwork::Recv failed error: 10054
2024-08-05 20:28:45.100717|ERROR   |              |   |TS3ANetwork::Recv failed error: 10054
2024-08-05 20:28:47.090888|ERROR   |              |   |TS3ANetwork::Recv failed error: 10054
2024-08-05 20:28:49.100852|ERROR   |              |   |TS3ANetwork::Recv failed error: 10054
2024-08-05 20:38:45.101691|ERROR   |              |   |TS3ANetwork::Recv failed error: 10054
2024-08-05 20:38:47.085254|ERROR   |              |   |TS3ANetwork::Recv failed error: 10054
2024-08-05 20:38:49.080609|ERROR   |              |   |TS3ANetwork::Recv failed error: 10054
