2024-07-05 09:57:59.810626|INFO    |ServerLibPriv |   |TeamSpeak 3 Server 3.13.7 (2022-06-20 12:21:53)
2024-07-05 09:57:59.827624|INFO    |ServerLibPriv |   |SystemInformation: Windows 10 (19045) x64 (AMD or Intel) Binary: 64bit
2024-07-05 09:57:59.827624|INFO    |ServerLibPriv |   |Using hardware aes
2024-07-05 09:57:59.874624|INFO    |DatabaseQuery |   |dbPlugin name:    SQLite3 plugin, Version 3, (c)TeamSpeak Systems GmbH
2024-07-05 09:57:59.874624|INFO    |DatabaseQuery |   |dbPlugin version: 3.11.1
2024-07-05 09:57:59.884625|INFO    |DatabaseQuery |   |checking database integrity (may take a while)
2024-07-05 09:58:01.268625|WARNING |Accounting    |   |Unable to open licensekey.dat, falling back to limited functionality
2024-07-05 09:58:01.526625|INFO    |Accounting    |   |Licensing Information
2024-07-05 09:58:01.526625|INFO    |Accounting    |   |licensed to       : Anonymous
2024-07-05 09:58:01.526625|INFO    |Accounting    |   |type              : No License
2024-07-05 09:58:01.526625|INFO    |Accounting    |   |starting date     : Tue Feb  1 00:00:00 2022
2024-07-05 09:58:01.526625|INFO    |Accounting    |   |ending date       : Thu Jul  1 00:00:00 2027
2024-07-05 09:58:01.526625|INFO    |Accounting    |   |max virtualservers: 1
2024-07-05 09:58:01.526625|INFO    |Accounting    |   |max slots         : 32
2024-07-05 09:58:04.162812|INFO    |              |   |Puzzle precompute time: 2161
2024-07-05 09:58:04.174813|INFO    |FileManager   |   |listening on 0.0.0.0:30033, [::]:30033
2024-07-05 09:58:04.265814|INFO    |Query         |   |Using a query thread pool size of 2
2024-07-05 09:58:04.425815|INFO    |Query         |   |listening for query on 0.0.0.0:10011, [::]:10011
2024-07-05 09:58:04.436813|INFO    |Query         |   |listening for ssh query on 0.0.0.0:10022, [::]:10022
2024-07-05 09:58:04.436813|INFO    |Query         |   |listening for http query on 0.0.0.0:10080, [::]:10080
2024-07-05 09:58:04.446327|INFO    |CIDRManager   |   |updated query_ip_allowlist ips: 127.0.0.1/32, ::1/128, 
2024-07-05 10:08:04.416149|ERROR   |              |   |TS3ANetwork::Recv failed error: 10054
2024-07-05 10:08:06.082273|ERROR   |              |   |TS3ANetwork::Recv failed error: 10054
2024-07-05 10:08:08.061935|ERROR   |              |   |TS3ANetwork::Recv failed error: 10054
2024-07-05 10:18:04.366600|ERROR   |              |   |TS3ANetwork::Recv failed error: 10054
2024-07-05 10:18:06.142612|ERROR   |              |   |TS3ANetwork::Recv failed error: 10054
2024-07-05 10:18:08.114224|ERROR   |              |   |TS3ANetwork::Recv failed error: 10054
2024-07-05 10:28:04.498777|ERROR   |              |   |TS3ANetwork::Recv failed error: 10054
2024-07-05 10:28:06.042813|ERROR   |              |   |TS3ANetwork::Recv failed error: 10054
2024-07-05 10:28:08.144081|ERROR   |              |   |TS3ANetwork::Recv failed error: 10054
2024-07-05 10:38:04.588048|ERROR   |              |   |TS3ANetwork::Recv failed error: 10054
2024-07-05 10:38:06.136271|ERROR   |              |   |TS3ANetwork::Recv failed error: 10054
2024-07-05 10:38:08.125584|ERROR   |              |   |TS3ANetwork::Recv failed error: 10054
2024-07-05 10:48:04.640254|ERROR   |              |   |TS3ANetwork::Recv failed error: 10054
2024-07-05 10:48:06.103294|ERROR   |              |   |TS3ANetwork::Recv failed error: 10054
2024-07-05 10:48:08.134323|ERROR   |              |   |TS3ANetwork::Recv failed error: 10054
2024-07-05 10:58:04.711782|ERROR   |              |   |TS3ANetwork::Recv failed error: 10054
2024-07-05 10:58:06.086779|ERROR   |              |   |TS3ANetwork::Recv failed error: 10054
2024-07-05 10:58:08.079753|ERROR   |              |   |TS3ANetwork::Recv failed error: 10054
2024-07-05 11:08:04.778625|ERROR   |              |   |TS3ANetwork::Recv failed error: 10054
2024-07-05 11:08:06.110662|ERROR   |              |   |TS3ANetwork::Recv failed error: 10054
2024-07-05 11:08:08.102065|ERROR   |              |   |TS3ANetwork::Recv failed error: 10054
2024-07-05 11:18:04.782911|ERROR   |              |   |TS3ANetwork::Recv failed error: 10054
2024-07-05 11:18:06.106327|ERROR   |              |   |TS3ANetwork::Recv failed error: 10054
2024-07-05 11:18:08.081173|ERROR   |              |   |TS3ANetwork::Recv failed error: 10054
2024-07-05 11:28:04.830725|ERROR   |              |   |TS3ANetwork::Recv failed error: 10054
2024-07-05 11:28:06.055481|ERROR   |              |   |TS3ANetwork::Recv failed error: 10054
2024-07-05 11:28:08.036524|ERROR   |              |   |TS3ANetwork::Recv failed error: 10054
2024-07-05 11:38:04.856275|ERROR   |              |   |TS3ANetwork::Recv failed error: 10054
2024-07-05 11:38:06.129534|ERROR   |              |   |TS3ANetwork::Recv failed error: 10054
2024-07-05 11:38:08.112798|ERROR   |              |   |TS3ANetwork::Recv failed error: 10054
2024-07-05 11:48:04.931515|ERROR   |              |   |TS3ANetwork::Recv failed error: 10054
2024-07-05 11:48:06.063165|ERROR   |              |   |TS3ANetwork::Recv failed error: 10054
2024-07-05 11:48:08.097113|ERROR   |              |   |TS3ANetwork::Recv failed error: 10054
2024-07-05 11:58:04.926815|ERROR   |              |   |TS3ANetwork::Recv failed error: 10054
2024-07-05 11:58:06.144601|ERROR   |              |   |TS3ANetwork::Recv failed error: 10054
2024-07-05 11:58:08.136009|ERROR   |              |   |TS3ANetwork::Recv failed error: 10054
2024-07-05 12:08:04.970292|ERROR   |              |   |TS3ANetwork::Recv failed error: 10054
2024-07-05 12:08:06.087525|ERROR   |              |   |TS3ANetwork::Recv failed error: 10054
2024-07-05 12:08:08.076337|ERROR   |              |   |TS3ANetwork::Recv failed error: 10054
2024-07-05 12:18:05.082481|ERROR   |              |   |TS3ANetwork::Recv failed error: 10054
2024-07-05 12:18:07.062722|ERROR   |              |   |TS3ANetwork::Recv failed error: 10054
2024-07-05 12:18:09.058918|ERROR   |              |   |TS3ANetwork::Recv failed error: 10054
2024-07-05 12:28:05.005414|ERROR   |              |   |TS3ANetwork::Recv failed error: 10054
2024-07-05 12:28:06.171708|ERROR   |              |   |TS3ANetwork::Recv failed error: 10054
2024-07-05 12:28:08.056761|ERROR   |              |   |TS3ANetwork::Recv failed error: 10054
2024-07-05 12:38:05.020709|ERROR   |              |   |TS3ANetwork::Recv failed error: 10054
2024-07-05 12:38:06.144037|ERROR   |              |   |TS3ANetwork::Recv failed error: 10054
2024-07-05 12:38:08.174630|ERROR   |              |   |TS3ANetwork::Recv failed error: 10054
2024-07-05 12:48:05.185162|ERROR   |              |   |TS3ANetwork::Recv failed error: 10054
2024-07-05 12:48:07.068583|ERROR   |              |   |TS3ANetwork::Recv failed error: 10054
2024-07-05 12:48:09.097243|ERROR   |              |   |TS3ANetwork::Recv failed error: 10054
2024-07-05 12:58:05.149886|ERROR   |              |   |TS3ANetwork::Recv failed error: 10054
2024-07-05 12:58:07.130318|ERROR   |              |   |TS3ANetwork::Recv failed error: 10054
2024-07-05 12:58:09.111351|ERROR   |              |   |TS3ANetwork::Recv failed error: 10054
2024-07-05 13:08:05.232851|ERROR   |              |   |TS3ANetwork::Recv failed error: 10054
2024-07-05 13:08:07.111673|ERROR   |              |   |TS3ANetwork::Recv failed error: 10054
2024-07-05 13:08:09.102932|ERROR   |              |   |TS3ANetwork::Recv failed error: 10054
2024-07-05 13:18:05.269732|ERROR   |              |   |TS3ANetwork::Recv failed error: 10054
2024-07-05 13:18:07.084756|ERROR   |              |   |TS3ANetwork::Recv failed error: 10054
2024-07-05 13:18:09.069140|ERROR   |              |   |TS3ANetwork::Recv failed error: 10054
2024-07-05 13:28:05.258917|ERROR   |              |   |TS3ANetwork::Recv failed error: 10054
2024-07-05 13:28:07.143771|ERROR   |              |   |TS3ANetwork::Recv failed error: 10054
2024-07-05 13:28:09.171433|ERROR   |              |   |TS3ANetwork::Recv failed error: 10054
2024-07-05 13:38:05.336533|ERROR   |              |   |TS3ANetwork::Recv failed error: 10054
2024-07-05 13:38:07.109245|ERROR   |              |   |TS3ANetwork::Recv failed error: 10054
2024-07-05 13:38:09.097169|ERROR   |              |   |TS3ANetwork::Recv failed error: 10054
2024-07-05 13:48:05.330390|ERROR   |              |   |TS3ANetwork::Recv failed error: 10054
2024-07-05 13:48:07.095148|ERROR   |              |   |TS3ANetwork::Recv failed error: 10054
2024-07-05 13:48:09.091353|ERROR   |              |   |TS3ANetwork::Recv failed error: 10054
2024-07-05 13:58:05.370258|ERROR   |              |   |TS3ANetwork::Recv failed error: 10054
2024-07-05 13:58:07.180920|ERROR   |              |   |TS3ANetwork::Recv failed error: 10054
2024-07-05 13:58:09.051202|ERROR   |              |   |TS3ANetwork::Recv failed error: 10054
2024-07-05 14:08:05.395203|ERROR   |              |   |TS3ANetwork::Recv failed error: 10054
2024-07-05 14:08:09.141219|ERROR   |              |   |TS3ANetwork::Recv failed error: 10054
2024-07-05 14:18:05.463918|ERROR   |              |   |TS3ANetwork::Recv failed error: 10054
2024-07-05 14:18:07.133411|ERROR   |              |   |TS3ANetwork::Recv failed error: 10054
2024-07-05 14:18:09.122221|ERROR   |              |   |TS3ANetwork::Recv failed error: 10054
2024-07-05 14:28:05.576214|ERROR   |              |   |TS3ANetwork::Recv failed error: 10054
2024-07-05 14:28:07.123781|ERROR   |              |   |TS3ANetwork::Recv failed error: 10054
2024-07-05 14:28:09.116644|ERROR   |              |   |TS3ANetwork::Recv failed error: 10054
2024-07-05 14:38:05.536234|ERROR   |              |   |TS3ANetwork::Recv failed error: 10054
2024-07-05 14:38:07.134749|ERROR   |              |   |TS3ANetwork::Recv failed error: 10054
2024-07-05 14:38:09.115515|ERROR   |              |   |TS3ANetwork::Recv failed error: 10054
2024-07-05 14:48:05.697805|ERROR   |              |   |TS3ANetwork::Recv failed error: 10054
2024-07-05 14:48:07.044559|ERROR   |              |   |TS3ANetwork::Recv failed error: 10054
2024-07-05 14:48:09.184482|ERROR   |              |   |TS3ANetwork::Recv failed error: 10054
2024-07-05 14:58:05.712344|ERROR   |              |   |TS3ANetwork::Recv failed error: 10054
2024-07-05 14:58:07.053122|ERROR   |              |   |TS3ANetwork::Recv failed error: 10054
2024-07-05 14:58:09.049145|ERROR   |              |   |TS3ANetwork::Recv failed error: 10054
2024-07-05 15:08:05.819105|ERROR   |              |   |TS3ANetwork::Recv failed error: 10054
2024-07-05 15:08:07.047920|ERROR   |              |   |TS3ANetwork::Recv failed error: 10054
2024-07-05 15:08:09.149313|ERROR   |              |   |TS3ANetwork::Recv failed error: 10054
2024-07-05 15:18:05.737652|ERROR   |              |   |TS3ANetwork::Recv failed error: 10054
2024-07-05 15:18:07.102296|ERROR   |              |   |TS3ANetwork::Recv failed error: 10054
2024-07-05 15:28:05.826741|ERROR   |              |   |TS3ANetwork::Recv failed error: 10054
2024-07-05 15:28:07.054022|ERROR   |              |   |TS3ANetwork::Recv failed error: 10054
2024-07-05 15:28:09.077884|ERROR   |              |   |TS3ANetwork::Recv failed error: 10054
2024-07-05 15:38:05.963627|ERROR   |              |   |TS3ANetwork::Recv failed error: 10054
2024-07-05 15:38:09.129563|ERROR   |              |   |TS3ANetwork::Recv failed error: 10054
2024-07-05 15:48:06.013439|ERROR   |              |   |TS3ANetwork::Recv failed error: 10054
2024-07-05 15:48:07.132017|ERROR   |              |   |TS3ANetwork::Recv failed error: 10054
2024-07-05 15:48:09.112680|ERROR   |              |   |TS3ANetwork::Recv failed error: 10054
2024-07-05 15:58:06.133197|ERROR   |              |   |TS3ANetwork::Recv failed error: 10054
2024-07-05 15:58:08.119156|ERROR   |              |   |TS3ANetwork::Recv failed error: 10054
2024-07-05 15:58:10.126448|ERROR   |              |   |TS3ANetwork::Recv failed error: 10054
