2024-06-15 08:50:54.185379|INFO    |ServerLibPriv |   |TeamSpeak 3 Server 3.13.7 (2022-06-20 12:21:53)
2024-06-15 08:50:54.186378|INFO    |ServerLibPriv |   |SystemInformation: Windows 10 (19045) x64 (AMD or Intel) Binary: 64bit
2024-06-15 08:50:54.186378|INFO    |ServerLibPriv |   |Using hardware aes
2024-06-15 08:50:54.208379|INFO    |DatabaseQuery |   |dbPlugin name:    SQLite3 plugin, Version 3, (c)TeamSpeak Systems GmbH
2024-06-15 08:50:54.208379|INFO    |DatabaseQuery |   |dbPlugin version: 3.11.1
2024-06-15 08:50:54.209382|INFO    |DatabaseQuery |   |checking database integrity (may take a while)
2024-06-15 08:50:54.270378|WARNING |Accounting    |   |Unable to open licensekey.dat, falling back to limited functionality
2024-06-15 08:50:54.280377|INFO    |Accounting    |   |Licensing Information
2024-06-15 08:50:54.280377|INFO    |Accounting    |   |licensed to       : Anonymous
2024-06-15 08:50:54.280377|INFO    |Accounting    |   |type              : No License
2024-06-15 08:50:54.280377|INFO    |Accounting    |   |starting date     : Tue Feb  1 00:00:00 2022
2024-06-15 08:50:54.280377|INFO    |Accounting    |   |ending date       : Thu Jul  1 00:00:00 2027
2024-06-15 08:50:54.280377|INFO    |Accounting    |   |max virtualservers: 1
2024-06-15 08:50:54.280377|INFO    |Accounting    |   |max slots         : 32
2024-06-15 08:50:55.136530|INFO    |              |   |Puzzle precompute time: 835
2024-06-15 08:50:55.142502|INFO    |FileManager   |   |listening on 0.0.0.0:30033, [::]:30033
2024-06-15 08:50:55.159501|INFO    |Query         |   |Using a query thread pool size of 2
2024-06-15 08:50:55.240501|INFO    |Query         |   |listening for query on 0.0.0.0:10011, [::]:10011
2024-06-15 08:50:55.245503|INFO    |Query         |   |listening for ssh query on 0.0.0.0:10022, [::]:10022
2024-06-15 08:50:55.245503|INFO    |Query         |   |listening for http query on 0.0.0.0:10080, [::]:10080
2024-06-15 08:50:55.249500|INFO    |CIDRManager   |   |updated query_ip_allowlist ips: 127.0.0.1/32, ::1/128, 
2024-06-15 08:50:55.286529|ERROR   |              |   |TS3ANetwork::Recv failed error: 10054
2024-06-15 08:50:57.071243|ERROR   |              |   |TS3ANetwork::Recv failed error: 10054
2024-06-15 08:50:59.066584|ERROR   |              |   |TS3ANetwork::Recv failed error: 10054
2024-06-15 09:00:55.437543|ERROR   |              |   |TS3ANetwork::Recv failed error: 10054
2024-06-15 09:00:57.102897|ERROR   |              |   |TS3ANetwork::Recv failed error: 10054
2024-06-15 09:00:59.081864|ERROR   |              |   |TS3ANetwork::Recv failed error: 10054
2024-06-15 09:10:55.408540|ERROR   |              |   |TS3ANetwork::Recv failed error: 10054
2024-06-15 09:10:57.098660|ERROR   |              |   |TS3ANetwork::Recv failed error: 10054
2024-06-15 09:10:59.109283|ERROR   |              |   |TS3ANetwork::Recv failed error: 10054
2024-06-15 09:20:55.536526|ERROR   |              |   |TS3ANetwork::Recv failed error: 10054
2024-06-15 09:20:57.093636|ERROR   |              |   |TS3ANetwork::Recv failed error: 10054
2024-06-15 09:20:59.088851|ERROR   |              |   |TS3ANetwork::Recv failed error: 10054
2024-06-15 09:30:55.571327|ERROR   |              |   |TS3ANetwork::Recv failed error: 10054
2024-06-15 09:30:57.102727|ERROR   |              |   |TS3ANetwork::Recv failed error: 10054
2024-06-15 09:30:59.080049|ERROR   |              |   |TS3ANetwork::Recv failed error: 10054
2024-06-15 09:40:55.618835|ERROR   |              |   |TS3ANetwork::Recv failed error: 10054
2024-06-15 09:40:57.078205|ERROR   |              |   |TS3ANetwork::Recv failed error: 10054
2024-06-15 09:40:59.072915|ERROR   |              |   |TS3ANetwork::Recv failed error: 10054
2024-06-15 09:50:55.700502|ERROR   |              |   |TS3ANetwork::Recv failed error: 10054
2024-06-15 09:50:57.130849|ERROR   |              |   |TS3ANetwork::Recv failed error: 10054
2024-06-15 09:50:59.125452|ERROR   |              |   |TS3ANetwork::Recv failed error: 10054
2024-06-15 10:00:55.732100|ERROR   |              |   |TS3ANetwork::Recv failed error: 10054
2024-06-15 10:00:57.065560|ERROR   |              |   |TS3ANetwork::Recv failed error: 10054
2024-06-15 10:00:59.056779|ERROR   |              |   |TS3ANetwork::Recv failed error: 10054
2024-06-15 10:10:55.748525|ERROR   |              |   |TS3ANetwork::Recv failed error: 10054
2024-06-15 10:10:57.089556|ERROR   |              |   |TS3ANetwork::Recv failed error: 10054
2024-06-15 10:10:59.075307|ERROR   |              |   |TS3ANetwork::Recv failed error: 10054
2024-06-15 10:20:55.770870|ERROR   |              |   |TS3ANetwork::Recv failed error: 10054
2024-06-15 10:20:57.119641|ERROR   |              |   |TS3ANetwork::Recv failed error: 10054
2024-06-15 10:20:59.106777|ERROR   |              |   |TS3ANetwork::Recv failed error: 10054
2024-06-15 10:30:55.811764|ERROR   |              |   |TS3ANetwork::Recv failed error: 10054
2024-06-15 10:30:57.042456|ERROR   |              |   |TS3ANetwork::Recv failed error: 10054
2024-06-15 10:30:59.048557|ERROR   |              |   |TS3ANetwork::Recv failed error: 10054
2024-06-15 10:40:55.827899|ERROR   |              |   |TS3ANetwork::Recv failed error: 10054
2024-06-15 10:40:57.056684|ERROR   |              |   |TS3ANetwork::Recv failed error: 10054
2024-06-15 10:40:59.045817|ERROR   |              |   |TS3ANetwork::Recv failed error: 10054
2024-06-15 10:50:55.925957|ERROR   |              |   |TS3ANetwork::Recv failed error: 10054
2024-06-15 10:50:57.044524|ERROR   |              |   |TS3ANetwork::Recv failed error: 10054
2024-06-15 10:50:59.053740|ERROR   |              |   |TS3ANetwork::Recv failed error: 10054
2024-06-15 11:00:56.022188|ERROR   |              |   |TS3ANetwork::Recv failed error: 10054
2024-06-15 11:00:57.058041|ERROR   |              |   |TS3ANetwork::Recv failed error: 10054
2024-06-15 11:00:59.060724|ERROR   |              |   |TS3ANetwork::Recv failed error: 10054
2024-06-15 11:10:56.032350|ERROR   |              |   |TS3ANetwork::Recv failed error: 10054
2024-06-15 11:10:58.049489|ERROR   |              |   |TS3ANetwork::Recv failed error: 10054
2024-06-15 11:11:00.047120|ERROR   |              |   |TS3ANetwork::Recv failed error: 10054
2024-06-15 11:20:56.100221|ERROR   |              |   |TS3ANetwork::Recv failed error: 10054
2024-06-15 11:20:58.083954|ERROR   |              |   |TS3ANetwork::Recv failed error: 10054
2024-06-15 11:21:00.083962|ERROR   |              |   |TS3ANetwork::Recv failed error: 10054
2024-06-15 11:30:56.191222|ERROR   |              |   |TS3ANetwork::Recv failed error: 10054
2024-06-15 11:30:58.066588|ERROR   |              |   |TS3ANetwork::Recv failed error: 10054
2024-06-15 11:31:00.057505|ERROR   |              |   |TS3ANetwork::Recv failed error: 10054
2024-06-15 11:40:56.240445|ERROR   |              |   |TS3ANetwork::Recv failed error: 10054
2024-06-15 11:40:58.116384|ERROR   |              |   |TS3ANetwork::Recv failed error: 10054
2024-06-15 11:41:00.111957|ERROR   |              |   |TS3ANetwork::Recv failed error: 10054
2024-06-15 11:50:56.273163|ERROR   |              |   |TS3ANetwork::Recv failed error: 10054
2024-06-15 11:50:58.060001|ERROR   |              |   |TS3ANetwork::Recv failed error: 10054
2024-06-15 11:51:00.035680|ERROR   |              |   |TS3ANetwork::Recv failed error: 10054
2024-06-15 12:00:56.262216|ERROR   |              |   |TS3ANetwork::Recv failed error: 10054
2024-06-15 12:00:58.030948|ERROR   |              |   |TS3ANetwork::Recv failed error: 10054
2024-06-15 12:01:00.040625|ERROR   |              |   |TS3ANetwork::Recv failed error: 10054
2024-06-15 12:10:56.301677|ERROR   |              |   |TS3ANetwork::Recv failed error: 10054
2024-06-15 12:10:58.073516|ERROR   |              |   |TS3ANetwork::Recv failed error: 10054
2024-06-15 12:11:00.069392|ERROR   |              |   |TS3ANetwork::Recv failed error: 10054
2024-06-15 12:20:56.462433|ERROR   |              |   |TS3ANetwork::Recv failed error: 10054
2024-06-15 12:20:58.112298|ERROR   |              |   |TS3ANetwork::Recv failed error: 10054
2024-06-15 12:21:00.107772|ERROR   |              |   |TS3ANetwork::Recv failed error: 10054
2024-06-15 12:30:56.492193|ERROR   |              |   |TS3ANetwork::Recv failed error: 10054
2024-06-15 12:30:58.057699|ERROR   |              |   |TS3ANetwork::Recv failed error: 10054
2024-06-15 12:31:00.058620|ERROR   |              |   |TS3ANetwork::Recv failed error: 10054
2024-06-15 12:40:56.439595|ERROR   |              |   |TS3ANetwork::Recv failed error: 10054
2024-06-15 12:40:58.102400|ERROR   |              |   |TS3ANetwork::Recv failed error: 10054
2024-06-15 12:41:00.105235|ERROR   |              |   |TS3ANetwork::Recv failed error: 10054
2024-06-15 12:50:56.480134|ERROR   |              |   |TS3ANetwork::Recv failed error: 10054
2024-06-15 12:51:00.101164|ERROR   |              |   |TS3ANetwork::Recv failed error: 10054
2024-06-15 13:00:56.617636|ERROR   |              |   |TS3ANetwork::Recv failed error: 10054
2024-06-15 13:00:58.068005|ERROR   |              |   |TS3ANetwork::Recv failed error: 10054
2024-06-15 13:10:56.680496|ERROR   |              |   |TS3ANetwork::Recv failed error: 10054
2024-06-15 13:10:58.137347|ERROR   |              |   |TS3ANetwork::Recv failed error: 10054
2024-06-15 13:11:00.129658|ERROR   |              |   |TS3ANetwork::Recv failed error: 10054
2024-06-15 13:20:56.765964|ERROR   |              |   |TS3ANetwork::Recv failed error: 10054
2024-06-15 13:20:58.107737|ERROR   |              |   |TS3ANetwork::Recv failed error: 10054
2024-06-15 13:21:00.110501|ERROR   |              |   |TS3ANetwork::Recv failed error: 10054
2024-06-15 13:30:56.811825|ERROR   |              |   |TS3ANetwork::Recv failed error: 10054
2024-06-15 13:30:58.041311|ERROR   |              |   |TS3ANetwork::Recv failed error: 10054
2024-06-15 13:31:00.035116|ERROR   |              |   |TS3ANetwork::Recv failed error: 10054
2024-06-15 13:38:28.391695|INFO    |              |   |myTeamSpeak identifier revocation list was downloaded successfully - all related features are activated
2024-06-15 13:40:56.865709|ERROR   |              |   |TS3ANetwork::Recv failed error: 10054
2024-06-15 13:40:58.097762|ERROR   |              |   |TS3ANetwork::Recv failed error: 10054
2024-06-15 13:41:00.084334|ERROR   |              |   |TS3ANetwork::Recv failed error: 10054
2024-06-15 13:50:56.938006|ERROR   |              |   |TS3ANetwork::Recv failed error: 10054
2024-06-15 13:51:00.035634|ERROR   |              |   |TS3ANetwork::Recv failed error: 10054
2024-06-15 14:00:56.967188|ERROR   |              |   |TS3ANetwork::Recv failed error: 10054
2024-06-15 14:00:58.088967|ERROR   |              |   |TS3ANetwork::Recv failed error: 10054
2024-06-15 14:01:00.096748|ERROR   |              |   |TS3ANetwork::Recv failed error: 10054
2024-06-15 14:10:56.982314|ERROR   |              |   |TS3ANetwork::Recv failed error: 10054
2024-06-15 14:10:58.109147|ERROR   |              |   |TS3ANetwork::Recv failed error: 10054
2024-06-15 14:11:00.100210|ERROR   |              |   |TS3ANetwork::Recv failed error: 10054
2024-06-15 14:20:57.091233|ERROR   |              |   |TS3ANetwork::Recv failed error: 10054
2024-06-15 14:20:59.079347|ERROR   |              |   |TS3ANetwork::Recv failed error: 10054
2024-06-15 14:21:01.071677|ERROR   |              |   |TS3ANetwork::Recv failed error: 10054
2024-06-15 14:30:57.154659|ERROR   |              |   |TS3ANetwork::Recv failed error: 10054
2024-06-15 14:30:59.048647|ERROR   |              |   |TS3ANetwork::Recv failed error: 10054
2024-06-15 14:31:01.039834|ERROR   |              |   |TS3ANetwork::Recv failed error: 10054
2024-06-15 14:40:57.213339|ERROR   |              |   |TS3ANetwork::Recv failed error: 10054
2024-06-15 14:41:01.085778|ERROR   |              |   |TS3ANetwork::Recv failed error: 10054
2024-06-15 14:50:57.290431|ERROR   |              |   |TS3ANetwork::Recv failed error: 10054
2024-06-15 14:50:59.059326|ERROR   |              |   |TS3ANetwork::Recv failed error: 10054
2024-06-15 14:51:01.057188|ERROR   |              |   |TS3ANetwork::Recv failed error: 10054
2024-06-15 15:00:57.301856|ERROR   |              |   |TS3ANetwork::Recv failed error: 10054
2024-06-15 15:00:59.062468|ERROR   |              |   |TS3ANetwork::Recv failed error: 10054
2024-06-15 15:01:01.041388|ERROR   |              |   |TS3ANetwork::Recv failed error: 10054
2024-06-15 15:10:57.352773|ERROR   |              |   |TS3ANetwork::Recv failed error: 10054
2024-06-15 15:10:59.148423|ERROR   |              |   |TS3ANetwork::Recv failed error: 10054
2024-06-15 15:11:01.029198|ERROR   |              |   |TS3ANetwork::Recv failed error: 10054
2024-06-15 15:20:57.428202|ERROR   |              |   |TS3ANetwork::Recv failed error: 10054
2024-06-15 15:20:59.089728|ERROR   |              |   |TS3ANetwork::Recv failed error: 10054
2024-06-15 15:21:01.086464|ERROR   |              |   |TS3ANetwork::Recv failed error: 10054
2024-06-15 15:30:57.435650|ERROR   |              |   |TS3ANetwork::Recv failed error: 10054
2024-06-15 15:30:59.094916|ERROR   |              |   |TS3ANetwork::Recv failed error: 10054
2024-06-15 15:31:01.085754|ERROR   |              |   |TS3ANetwork::Recv failed error: 10054
2024-06-15 15:40:57.570302|ERROR   |              |   |TS3ANetwork::Recv failed error: 10054
2024-06-15 15:40:59.127121|ERROR   |              |   |TS3ANetwork::Recv failed error: 10054
2024-06-15 15:41:01.120787|ERROR   |              |   |TS3ANetwork::Recv failed error: 10054
2024-06-15 15:50:57.664717|ERROR   |              |   |TS3ANetwork::Recv failed error: 10054
2024-06-15 15:50:59.124273|ERROR   |              |   |TS3ANetwork::Recv failed error: 10054
2024-06-15 15:51:01.119533|ERROR   |              |   |TS3ANetwork::Recv failed error: 10054
2024-06-15 16:00:57.681233|ERROR   |              |   |TS3ANetwork::Recv failed error: 10054
2024-06-15 16:00:59.132331|ERROR   |              |   |TS3ANetwork::Recv failed error: 10054
2024-06-15 16:01:01.130113|ERROR   |              |   |TS3ANetwork::Recv failed error: 10054
2024-06-15 16:10:57.681210|ERROR   |              |   |TS3ANetwork::Recv failed error: 10054
2024-06-15 16:11:01.086142|ERROR   |              |   |TS3ANetwork::Recv failed error: 10054
2024-06-15 16:20:57.695895|ERROR   |              |   |TS3ANetwork::Recv failed error: 10054
2024-06-15 16:20:59.032077|ERROR   |              |   |TS3ANetwork::Recv failed error: 10054
2024-06-15 16:21:01.123135|ERROR   |              |   |TS3ANetwork::Recv failed error: 10054
2024-06-15 16:30:57.756742|ERROR   |              |   |TS3ANetwork::Recv failed error: 10054
2024-06-15 16:31:01.050600|ERROR   |              |   |TS3ANetwork::Recv failed error: 10054
2024-06-15 16:40:57.874704|ERROR   |              |   |TS3ANetwork::Recv failed error: 10054
2024-06-15 16:40:59.103921|ERROR   |              |   |TS3ANetwork::Recv failed error: 10054
2024-06-15 16:41:01.110566|ERROR   |              |   |TS3ANetwork::Recv failed error: 10054
2024-06-15 16:50:57.883535|ERROR   |              |   |TS3ANetwork::Recv failed error: 10054
2024-06-15 16:50:59.112924|ERROR   |              |   |TS3ANetwork::Recv failed error: 10054
2024-06-15 16:51:01.109934|ERROR   |              |   |TS3ANetwork::Recv failed error: 10054
2024-06-15 17:00:57.928477|ERROR   |              |   |TS3ANetwork::Recv failed error: 10054
2024-06-15 17:00:59.051120|ERROR   |              |   |TS3ANetwork::Recv failed error: 10054
2024-06-15 17:01:01.043662|ERROR   |              |   |TS3ANetwork::Recv failed error: 10054
2024-06-15 17:10:58.009874|ERROR   |              |   |TS3ANetwork::Recv failed error: 10054
2024-06-15 17:10:59.145755|ERROR   |              |   |TS3ANetwork::Recv failed error: 10054
2024-06-15 17:11:01.031749|ERROR   |              |   |TS3ANetwork::Recv failed error: 10054
2024-06-15 17:20:58.064132|ERROR   |              |   |TS3ANetwork::Recv failed error: 10054
2024-06-15 17:21:00.064292|ERROR   |              |   |TS3ANetwork::Recv failed error: 10054
2024-06-15 17:21:02.059129|ERROR   |              |   |TS3ANetwork::Recv failed error: 10054
2024-06-15 17:30:58.098123|ERROR   |              |   |TS3ANetwork::Recv failed error: 10054
2024-06-15 17:31:00.085175|ERROR   |              |   |TS3ANetwork::Recv failed error: 10054
2024-06-15 17:31:02.082438|ERROR   |              |   |TS3ANetwork::Recv failed error: 10054
2024-06-15 17:40:58.097315|ERROR   |              |   |TS3ANetwork::Recv failed error: 10054
2024-06-15 17:41:00.091273|ERROR   |              |   |TS3ANetwork::Recv failed error: 10054
2024-06-15 17:41:02.086032|ERROR   |              |   |TS3ANetwork::Recv failed error: 10054
2024-06-15 17:51:00.103897|ERROR   |              |   |TS3ANetwork::Recv failed error: 10054
2024-06-15 17:51:02.089922|ERROR   |              |   |TS3ANetwork::Recv failed error: 10054
2024-06-15 18:00:58.104946|ERROR   |              |   |TS3ANetwork::Recv failed error: 10054
2024-06-15 18:01:00.105406|ERROR   |              |   |TS3ANetwork::Recv failed error: 10054
2024-06-15 18:01:02.079025|ERROR   |              |   |TS3ANetwork::Recv failed error: 10054
2024-06-15 18:10:58.190801|ERROR   |              |   |TS3ANetwork::Recv failed error: 10054
2024-06-15 18:11:00.074671|ERROR   |              |   |TS3ANetwork::Recv failed error: 10054
2024-06-15 18:11:02.073248|ERROR   |              |   |TS3ANetwork::Recv failed error: 10054
2024-06-15 18:20:58.242708|ERROR   |              |   |TS3ANetwork::Recv failed error: 10054
2024-06-15 18:21:00.116605|ERROR   |              |   |TS3ANetwork::Recv failed error: 10054
2024-06-15 18:21:02.097183|ERROR   |              |   |TS3ANetwork::Recv failed error: 10054
2024-06-15 18:30:58.287006|ERROR   |              |   |TS3ANetwork::Recv failed error: 10054
2024-06-15 18:31:00.064383|ERROR   |              |   |TS3ANetwork::Recv failed error: 10054
2024-06-15 18:31:02.058533|ERROR   |              |   |TS3ANetwork::Recv failed error: 10054
2024-06-15 18:40:58.364916|ERROR   |              |   |TS3ANetwork::Recv failed error: 10054
2024-06-15 18:41:00.142860|ERROR   |              |   |TS3ANetwork::Recv failed error: 10054
2024-06-15 18:41:02.133261|ERROR   |              |   |TS3ANetwork::Recv failed error: 10054
2024-06-15 18:50:58.443284|ERROR   |              |   |TS3ANetwork::Recv failed error: 10054
2024-06-15 18:51:00.087286|ERROR   |              |   |TS3ANetwork::Recv failed error: 10054
2024-06-15 18:51:02.096912|ERROR   |              |   |TS3ANetwork::Recv failed error: 10054
2024-06-15 19:00:58.480028|ERROR   |              |   |TS3ANetwork::Recv failed error: 10054
2024-06-15 19:01:00.040131|ERROR   |              |   |TS3ANetwork::Recv failed error: 10054
2024-06-15 19:01:02.031088|ERROR   |              |   |TS3ANetwork::Recv failed error: 10054
2024-06-15 19:10:58.547892|ERROR   |              |   |TS3ANetwork::Recv failed error: 10054
2024-06-15 19:11:00.102729|ERROR   |              |   |TS3ANetwork::Recv failed error: 10054
2024-06-15 19:11:02.095887|ERROR   |              |   |TS3ANetwork::Recv failed error: 10054
2024-06-15 19:20:58.629813|ERROR   |              |   |TS3ANetwork::Recv failed error: 10054
2024-06-15 19:21:00.082950|ERROR   |              |   |TS3ANetwork::Recv failed error: 10054
2024-06-15 19:21:02.068848|ERROR   |              |   |TS3ANetwork::Recv failed error: 10054
2024-06-15 19:30:58.681044|ERROR   |              |   |TS3ANetwork::Recv failed error: 10054
2024-06-15 19:31:00.131308|ERROR   |              |   |TS3ANetwork::Recv failed error: 10054
2024-06-15 19:31:02.129644|ERROR   |              |   |TS3ANetwork::Recv failed error: 10054
2024-06-15 19:40:58.746603|ERROR   |              |   |TS3ANetwork::Recv failed error: 10054
2024-06-15 19:41:00.079394|ERROR   |              |   |TS3ANetwork::Recv failed error: 10054
2024-06-15 19:41:02.073338|ERROR   |              |   |TS3ANetwork::Recv failed error: 10054
2024-06-15 19:50:58.929302|ERROR   |              |   |TS3ANetwork::Recv failed error: 10054
2024-06-15 19:51:00.032623|ERROR   |              |   |TS3ANetwork::Recv failed error: 10054
2024-06-15 19:51:02.131868|ERROR   |              |   |TS3ANetwork::Recv failed error: 10054
2024-06-15 20:00:59.003953|ERROR   |              |   |TS3ANetwork::Recv failed error: 10054
2024-06-15 20:01:00.131585|ERROR   |              |   |TS3ANetwork::Recv failed error: 10054
2024-06-15 20:01:02.125530|ERROR   |              |   |TS3ANetwork::Recv failed error: 10054
2024-06-15 20:10:59.017985|ERROR   |              |   |TS3ANetwork::Recv failed error: 10054
2024-06-15 20:11:00.136920|ERROR   |              |   |TS3ANetwork::Recv failed error: 10054
2024-06-15 20:11:02.140286|ERROR   |              |   |TS3ANetwork::Recv failed error: 10054
2024-06-15 20:20:59.061678|ERROR   |              |   |TS3ANetwork::Recv failed error: 10054
2024-06-15 20:21:01.037477|ERROR   |              |   |TS3ANetwork::Recv failed error: 10054
2024-06-15 20:21:03.043779|ERROR   |              |   |TS3ANetwork::Recv failed error: 10054
2024-06-15 20:30:59.149738|ERROR   |              |   |TS3ANetwork::Recv failed error: 10054
2024-06-15 20:31:01.042303|ERROR   |              |   |TS3ANetwork::Recv failed error: 10054
2024-06-15 20:31:03.031670|ERROR   |              |   |TS3ANetwork::Recv failed error: 10054
2024-06-15 20:40:59.155866|ERROR   |              |   |TS3ANetwork::Recv failed error: 10054
2024-06-15 20:41:01.135678|ERROR   |              |   |TS3ANetwork::Recv failed error: 10054
2024-06-15 20:41:03.127601|ERROR   |              |   |TS3ANetwork::Recv failed error: 10054
2024-06-15 20:50:59.226977|ERROR   |              |   |TS3ANetwork::Recv failed error: 10054
2024-06-15 20:51:01.115636|ERROR   |              |   |TS3ANetwork::Recv failed error: 10054
2024-06-15 20:51:03.106602|ERROR   |              |   |TS3ANetwork::Recv failed error: 10054
2024-06-15 21:01:01.088529|ERROR   |              |   |TS3ANetwork::Recv failed error: 10054
2024-06-15 21:01:03.086136|ERROR   |              |   |TS3ANetwork::Recv failed error: 10054
2024-06-15 21:10:59.298246|ERROR   |              |   |TS3ANetwork::Recv failed error: 10054
2024-06-15 21:11:01.071069|ERROR   |              |   |TS3ANetwork::Recv failed error: 10054
2024-06-15 21:11:03.050331|ERROR   |              |   |TS3ANetwork::Recv failed error: 10054
2024-06-15 21:20:59.408011|ERROR   |              |   |TS3ANetwork::Recv failed error: 10054
2024-06-15 21:21:01.074046|ERROR   |              |   |TS3ANetwork::Recv failed error: 10054
2024-06-15 21:21:03.063233|ERROR   |              |   |TS3ANetwork::Recv failed error: 10054
2024-06-15 21:30:59.472453|ERROR   |              |   |TS3ANetwork::Recv failed error: 10054
2024-06-15 21:31:01.145866|ERROR   |              |   |TS3ANetwork::Recv failed error: 10054
2024-06-15 21:31:03.132677|ERROR   |              |   |TS3ANetwork::Recv failed error: 10054
2024-06-15 21:40:59.552653|ERROR   |              |   |TS3ANetwork::Recv failed error: 10054
2024-06-15 21:41:01.108621|ERROR   |              |   |TS3ANetwork::Recv failed error: 10054
2024-06-15 21:41:03.110960|ERROR   |              |   |TS3ANetwork::Recv failed error: 10054
2024-06-15 21:50:59.482454|ERROR   |              |   |TS3ANetwork::Recv failed error: 10054
2024-06-15 21:51:01.038711|ERROR   |              |   |TS3ANetwork::Recv failed error: 10054
2024-06-15 21:51:03.135319|ERROR   |              |   |TS3ANetwork::Recv failed error: 10054
2024-06-15 22:00:59.622640|ERROR   |              |   |TS3ANetwork::Recv failed error: 10054
2024-06-15 22:01:01.071644|ERROR   |              |   |TS3ANetwork::Recv failed error: 10054
2024-06-15 22:01:03.061687|ERROR   |              |   |TS3ANetwork::Recv failed error: 10054
2024-06-15 22:10:59.631401|ERROR   |              |   |TS3ANetwork::Recv failed error: 10054
2024-06-15 22:11:01.084649|ERROR   |              |   |TS3ANetwork::Recv failed error: 10054
2024-06-15 22:11:03.060745|ERROR   |              |   |TS3ANetwork::Recv failed error: 10054
2024-06-15 22:20:59.652972|ERROR   |              |   |TS3ANetwork::Recv failed error: 10054
2024-06-15 22:21:01.100409|ERROR   |              |   |TS3ANetwork::Recv failed error: 10054
2024-06-15 22:21:03.105960|ERROR   |              |   |TS3ANetwork::Recv failed error: 10054
2024-06-15 22:30:59.747380|ERROR   |              |   |TS3ANetwork::Recv failed error: 10054
2024-06-15 22:31:01.092327|ERROR   |              |   |TS3ANetwork::Recv failed error: 10054
2024-06-15 22:31:03.086084|ERROR   |              |   |TS3ANetwork::Recv failed error: 10054
2024-06-15 22:40:59.834645|ERROR   |              |   |TS3ANetwork::Recv failed error: 10054
2024-06-15 22:41:01.068492|ERROR   |              |   |TS3ANetwork::Recv failed error: 10054
2024-06-15 22:41:03.060886|ERROR   |              |   |TS3ANetwork::Recv failed error: 10054
2024-06-15 22:50:59.850681|ERROR   |              |   |TS3ANetwork::Recv failed error: 10054
2024-06-15 22:51:01.092779|ERROR   |              |   |TS3ANetwork::Recv failed error: 10054
2024-06-15 22:51:03.079534|ERROR   |              |   |TS3ANetwork::Recv failed error: 10054
2024-06-15 23:00:59.955051|ERROR   |              |   |TS3ANetwork::Recv failed error: 10054
2024-06-15 23:01:01.077496|ERROR   |              |   |TS3ANetwork::Recv failed error: 10054
2024-06-15 23:01:03.084837|ERROR   |              |   |TS3ANetwork::Recv failed error: 10054
2024-06-15 23:11:00.044592|ERROR   |              |   |TS3ANetwork::Recv failed error: 10054
2024-06-15 23:11:02.029066|ERROR   |              |   |TS3ANetwork::Recv failed error: 10054
2024-06-15 23:11:04.140992|ERROR   |              |   |TS3ANetwork::Recv failed error: 10054
2024-06-15 23:21:00.063665|ERROR   |              |   |TS3ANetwork::Recv failed error: 10054
2024-06-15 23:21:02.054885|ERROR   |              |   |TS3ANetwork::Recv failed error: 10054
2024-06-15 23:21:04.043256|ERROR   |              |   |TS3ANetwork::Recv failed error: 10054
2024-06-15 23:31:00.091514|ERROR   |              |   |TS3ANetwork::Recv failed error: 10054
2024-06-15 23:31:02.069278|ERROR   |              |   |TS3ANetwork::Recv failed error: 10054
2024-06-15 23:31:04.052816|ERROR   |              |   |TS3ANetwork::Recv failed error: 10054
2024-06-15 23:41:00.154722|ERROR   |              |   |TS3ANetwork::Recv failed error: 10054
2024-06-15 23:41:02.049590|ERROR   |              |   |TS3ANetwork::Recv failed error: 10054
2024-06-15 23:41:04.134338|ERROR   |              |   |TS3ANetwork::Recv failed error: 10054
2024-06-15 23:51:00.200063|ERROR   |              |   |TS3ANetwork::Recv failed error: 10054
2024-06-15 23:51:02.077408|ERROR   |              |   |TS3ANetwork::Recv failed error: 10054
2024-06-15 23:51:04.066788|ERROR   |              |   |TS3ANetwork::Recv failed error: 10054
2024-06-16 00:01:00.304564|ERROR   |              |   |TS3ANetwork::Recv failed error: 10054
2024-06-16 00:01:02.076845|ERROR   |              |   |TS3ANetwork::Recv failed error: 10054
2024-06-16 00:01:04.057152|ERROR   |              |   |TS3ANetwork::Recv failed error: 10054
2024-06-16 00:11:00.400755|ERROR   |              |   |TS3ANetwork::Recv failed error: 10054
2024-06-16 00:11:02.067528|ERROR   |              |   |TS3ANetwork::Recv failed error: 10054
2024-06-16 00:11:04.059344|ERROR   |              |   |TS3ANetwork::Recv failed error: 10054
2024-06-16 00:21:00.554314|ERROR   |              |   |TS3ANetwork::Recv failed error: 10054
2024-06-16 00:21:02.123709|ERROR   |              |   |TS3ANetwork::Recv failed error: 10054
2024-06-16 00:21:04.112044|ERROR   |              |   |TS3ANetwork::Recv failed error: 10054
2024-06-16 00:31:02.071434|ERROR   |              |   |TS3ANetwork::Recv failed error: 10054
2024-06-16 00:31:04.074374|ERROR   |              |   |TS3ANetwork::Recv failed error: 10054
2024-06-16 00:41:00.480710|ERROR   |              |   |TS3ANetwork::Recv failed error: 10054
2024-06-16 00:41:02.028249|ERROR   |              |   |TS3ANetwork::Recv failed error: 10054
2024-06-16 00:41:04.125461|ERROR   |              |   |TS3ANetwork::Recv failed error: 10054
2024-06-16 00:51:00.545232|ERROR   |              |   |TS3ANetwork::Recv failed error: 10054
2024-06-16 00:51:02.096589|ERROR   |              |   |TS3ANetwork::Recv failed error: 10054
2024-06-16 00:51:04.079032|ERROR   |              |   |TS3ANetwork::Recv failed error: 10054
2024-06-16 01:01:00.523832|ERROR   |              |   |TS3ANetwork::Recv failed error: 10054
2024-06-16 01:01:02.087852|ERROR   |              |   |TS3ANetwork::Recv failed error: 10054
2024-06-16 01:01:04.075543|ERROR   |              |   |TS3ANetwork::Recv failed error: 10054
2024-06-16 01:11:00.530809|ERROR   |              |   |TS3ANetwork::Recv failed error: 10054
2024-06-16 01:11:02.084943|ERROR   |              |   |TS3ANetwork::Recv failed error: 10054
2024-06-16 01:11:04.088806|ERROR   |              |   |TS3ANetwork::Recv failed error: 10054
2024-06-16 01:21:00.557626|ERROR   |              |   |TS3ANetwork::Recv failed error: 10054
2024-06-16 01:21:02.112239|ERROR   |              |   |TS3ANetwork::Recv failed error: 10054
2024-06-16 01:21:04.096407|ERROR   |              |   |TS3ANetwork::Recv failed error: 10054
2024-06-16 01:31:00.537831|ERROR   |              |   |TS3ANetwork::Recv failed error: 10054
2024-06-16 01:31:02.099805|ERROR   |              |   |TS3ANetwork::Recv failed error: 10054
2024-06-16 01:31:04.087465|ERROR   |              |   |TS3ANetwork::Recv failed error: 10054
2024-06-16 01:41:00.571955|ERROR   |              |   |TS3ANetwork::Recv failed error: 10054
2024-06-16 01:41:02.133023|ERROR   |              |   |TS3ANetwork::Recv failed error: 10054
2024-06-16 01:41:04.123658|ERROR   |              |   |TS3ANetwork::Recv failed error: 10054
2024-06-16 01:51:00.659000|ERROR   |              |   |TS3ANetwork::Recv failed error: 10054
2024-06-16 01:51:02.112225|ERROR   |              |   |TS3ANetwork::Recv failed error: 10054
2024-06-16 01:51:04.114791|ERROR   |              |   |TS3ANetwork::Recv failed error: 10054
2024-06-16 02:01:00.669857|ERROR   |              |   |TS3ANetwork::Recv failed error: 10054
2024-06-16 02:01:02.112771|ERROR   |              |   |TS3ANetwork::Recv failed error: 10054
2024-06-16 02:01:04.103010|ERROR   |              |   |TS3ANetwork::Recv failed error: 10054
2024-06-16 02:11:00.684513|ERROR   |              |   |TS3ANetwork::Recv failed error: 10054
2024-06-16 02:11:02.125600|ERROR   |              |   |TS3ANetwork::Recv failed error: 10054
2024-06-16 02:11:04.117469|ERROR   |              |   |TS3ANetwork::Recv failed error: 10054
2024-06-16 02:21:00.718678|ERROR   |              |   |TS3ANetwork::Recv failed error: 10054
2024-06-16 02:21:02.067197|ERROR   |              |   |TS3ANetwork::Recv failed error: 10054
2024-06-16 02:21:04.054725|ERROR   |              |   |TS3ANetwork::Recv failed error: 10054
2024-06-16 02:31:00.807198|ERROR   |              |   |TS3ANetwork::Recv failed error: 10054
2024-06-16 02:31:02.030668|ERROR   |              |   |TS3ANetwork::Recv failed error: 10054
2024-06-16 02:31:04.137871|ERROR   |              |   |TS3ANetwork::Recv failed error: 10054
2024-06-16 02:41:00.864875|ERROR   |              |   |TS3ANetwork::Recv failed error: 10054
2024-06-16 02:41:02.095050|ERROR   |              |   |TS3ANetwork::Recv failed error: 10054
2024-06-16 02:41:04.080228|ERROR   |              |   |TS3ANetwork::Recv failed error: 10054
2024-06-16 02:51:00.999958|ERROR   |              |   |TS3ANetwork::Recv failed error: 10054
2024-06-16 02:51:02.122149|ERROR   |              |   |TS3ANetwork::Recv failed error: 10054
2024-06-16 02:51:04.114770|ERROR   |              |   |TS3ANetwork::Recv failed error: 10054
2024-06-16 03:01:00.989298|ERROR   |              |   |TS3ANetwork::Recv failed error: 10054
2024-06-16 03:01:04.071966|ERROR   |              |   |TS3ANetwork::Recv failed error: 10054
2024-06-16 03:11:01.053674|ERROR   |              |   |TS3ANetwork::Recv failed error: 10054
2024-06-16 03:11:03.053644|ERROR   |              |   |TS3ANetwork::Recv failed error: 10054
2024-06-16 03:11:05.027140|ERROR   |              |   |TS3ANetwork::Recv failed error: 10054
2024-06-16 03:21:01.037486|ERROR   |              |   |TS3ANetwork::Recv failed error: 10054
2024-06-16 03:21:03.028187|ERROR   |              |   |TS3ANetwork::Recv failed error: 10054
2024-06-16 03:21:05.142465|ERROR   |              |   |TS3ANetwork::Recv failed error: 10054
2024-06-16 03:31:01.067224|ERROR   |              |   |TS3ANetwork::Recv failed error: 10054
2024-06-16 03:31:03.048533|ERROR   |              |   |TS3ANetwork::Recv failed error: 10054
2024-06-16 03:31:05.035033|ERROR   |              |   |TS3ANetwork::Recv failed error: 10054
2024-06-16 03:41:01.065662|ERROR   |              |   |TS3ANetwork::Recv failed error: 10054
2024-06-16 03:41:03.051315|ERROR   |              |   |TS3ANetwork::Recv failed error: 10054
2024-06-16 03:41:05.045785|ERROR   |              |   |TS3ANetwork::Recv failed error: 10054
2024-06-16 03:51:01.066430|ERROR   |              |   |TS3ANetwork::Recv failed error: 10054
2024-06-16 03:51:03.069298|ERROR   |              |   |TS3ANetwork::Recv failed error: 10054
2024-06-16 03:51:05.066112|ERROR   |              |   |TS3ANetwork::Recv failed error: 10054
2024-06-16 04:01:01.079226|ERROR   |              |   |TS3ANetwork::Recv failed error: 10054
2024-06-16 04:01:03.064423|ERROR   |              |   |TS3ANetwork::Recv failed error: 10054
2024-06-16 04:01:05.046261|ERROR   |              |   |TS3ANetwork::Recv failed error: 10054
2024-06-16 04:11:01.155483|ERROR   |              |   |TS3ANetwork::Recv failed error: 10054
2024-06-16 04:11:03.031782|ERROR   |              |   |TS3ANetwork::Recv failed error: 10054
2024-06-16 04:11:05.131902|ERROR   |              |   |TS3ANetwork::Recv failed error: 10054
2024-06-16 04:21:01.262127|ERROR   |              |   |TS3ANetwork::Recv failed error: 10054
2024-06-16 04:21:05.097815|ERROR   |              |   |TS3ANetwork::Recv failed error: 10054
2024-06-16 04:31:01.289697|ERROR   |              |   |TS3ANetwork::Recv failed error: 10054
2024-06-16 04:31:03.065474|ERROR   |              |   |TS3ANetwork::Recv failed error: 10054
2024-06-16 04:31:05.037926|ERROR   |              |   |TS3ANetwork::Recv failed error: 10054
2024-06-16 04:41:01.355324|ERROR   |              |   |TS3ANetwork::Recv failed error: 10054
2024-06-16 04:41:05.098190|ERROR   |              |   |TS3ANetwork::Recv failed error: 10054
2024-06-16 04:51:01.458109|ERROR   |              |   |TS3ANetwork::Recv failed error: 10054
2024-06-16 04:51:03.118146|ERROR   |              |   |TS3ANetwork::Recv failed error: 10054
2024-06-16 04:51:05.103389|ERROR   |              |   |TS3ANetwork::Recv failed error: 10054
2024-06-16 05:01:01.493798|ERROR   |              |   |TS3ANetwork::Recv failed error: 10054
2024-06-16 05:01:03.051726|ERROR   |              |   |TS3ANetwork::Recv failed error: 10054
2024-06-16 05:01:05.046116|ERROR   |              |   |TS3ANetwork::Recv failed error: 10054
2024-06-16 05:11:01.557341|ERROR   |              |   |TS3ANetwork::Recv failed error: 10054
2024-06-16 05:11:03.121222|ERROR   |              |   |TS3ANetwork::Recv failed error: 10054
2024-06-16 05:11:05.104285|ERROR   |              |   |TS3ANetwork::Recv failed error: 10054
2024-06-16 05:21:01.628938|ERROR   |              |   |TS3ANetwork::Recv failed error: 10054
2024-06-16 05:21:03.076544|ERROR   |              |   |TS3ANetwork::Recv failed error: 10054
2024-06-16 05:21:05.080082|ERROR   |              |   |TS3ANetwork::Recv failed error: 10054
2024-06-16 05:31:01.649955|ERROR   |              |   |TS3ANetwork::Recv failed error: 10054
2024-06-16 05:31:03.084781|ERROR   |              |   |TS3ANetwork::Recv failed error: 10054
2024-06-16 05:31:05.061262|ERROR   |              |   |TS3ANetwork::Recv failed error: 10054
2024-06-16 05:41:01.668387|ERROR   |              |   |TS3ANetwork::Recv failed error: 10054
2024-06-16 05:41:03.100325|ERROR   |              |   |TS3ANetwork::Recv failed error: 10054
2024-06-16 05:41:05.093982|ERROR   |              |   |TS3ANetwork::Recv failed error: 10054
2024-06-16 05:51:01.708296|ERROR   |              |   |TS3ANetwork::Recv failed error: 10054
2024-06-16 05:51:03.053827|ERROR   |              |   |TS3ANetwork::Recv failed error: 10054
2024-06-16 05:51:05.030566|ERROR   |              |   |TS3ANetwork::Recv failed error: 10054
2024-06-16 06:01:01.816329|ERROR   |              |   |TS3ANetwork::Recv failed error: 10054
2024-06-16 06:01:03.044160|ERROR   |              |   |TS3ANetwork::Recv failed error: 10054
2024-06-16 06:01:05.042325|ERROR   |              |   |TS3ANetwork::Recv failed error: 10054
2024-06-16 06:11:01.872019|ERROR   |              |   |TS3ANetwork::Recv failed error: 10054
2024-06-16 06:11:03.091793|ERROR   |              |   |TS3ANetwork::Recv failed error: 10054
2024-06-16 06:11:05.085046|ERROR   |              |   |TS3ANetwork::Recv failed error: 10054
2024-06-16 06:21:01.991242|ERROR   |              |   |TS3ANetwork::Recv failed error: 10054
2024-06-16 06:21:03.103498|ERROR   |              |   |TS3ANetwork::Recv failed error: 10054
2024-06-16 06:21:05.085127|ERROR   |              |   |TS3ANetwork::Recv failed error: 10054
2024-06-16 06:31:02.061406|ERROR   |              |   |TS3ANetwork::Recv failed error: 10054
2024-06-16 06:31:04.056460|ERROR   |              |   |TS3ANetwork::Recv failed error: 10054
2024-06-16 06:31:06.044528|ERROR   |              |   |TS3ANetwork::Recv failed error: 10054
2024-06-16 06:41:02.077886|ERROR   |              |   |TS3ANetwork::Recv failed error: 10054
2024-06-16 06:41:04.088350|ERROR   |              |   |TS3ANetwork::Recv failed error: 10054
2024-06-16 06:41:06.061395|ERROR   |              |   |TS3ANetwork::Recv failed error: 10054
2024-06-16 06:51:02.087421|ERROR   |              |   |TS3ANetwork::Recv failed error: 10054
2024-06-16 06:51:04.072712|ERROR   |              |   |TS3ANetwork::Recv failed error: 10054
2024-06-16 06:51:06.084799|ERROR   |              |   |TS3ANetwork::Recv failed error: 10054
2024-06-16 07:01:02.127951|ERROR   |              |   |TS3ANetwork::Recv failed error: 10054
2024-06-16 07:01:04.114483|ERROR   |              |   |TS3ANetwork::Recv failed error: 10054
2024-06-16 07:01:06.082419|ERROR   |              |   |TS3ANetwork::Recv failed error: 10054
2024-06-16 07:11:02.146715|ERROR   |              |   |TS3ANetwork::Recv failed error: 10054
2024-06-16 07:11:04.031001|ERROR   |              |   |TS3ANetwork::Recv failed error: 10054
2024-06-16 07:11:06.130239|ERROR   |              |   |TS3ANetwork::Recv failed error: 10054
2024-06-16 07:21:02.223424|ERROR   |              |   |TS3ANetwork::Recv failed error: 10054
2024-06-16 07:21:04.111549|ERROR   |              |   |TS3ANetwork::Recv failed error: 10054
2024-06-16 07:21:06.105540|ERROR   |              |   |TS3ANetwork::Recv failed error: 10054
2024-06-16 07:31:02.315094|ERROR   |              |   |TS3ANetwork::Recv failed error: 10054
2024-06-16 07:31:04.090606|ERROR   |              |   |TS3ANetwork::Recv failed error: 10054
2024-06-16 07:31:06.097298|ERROR   |              |   |TS3ANetwork::Recv failed error: 10054
2024-06-16 07:41:04.083083|ERROR   |              |   |TS3ANetwork::Recv failed error: 10054
2024-06-16 07:41:06.068658|ERROR   |              |   |TS3ANetwork::Recv failed error: 10054
2024-06-16 07:51:02.382559|ERROR   |              |   |TS3ANetwork::Recv failed error: 10054
2024-06-16 07:51:04.034812|ERROR   |              |   |TS3ANetwork::Recv failed error: 10054
2024-06-16 07:51:06.127222|ERROR   |              |   |TS3ANetwork::Recv failed error: 10054
2024-06-16 08:01:02.405884|ERROR   |              |   |TS3ANetwork::Recv failed error: 10054
2024-06-16 08:01:04.083004|ERROR   |              |   |TS3ANetwork::Recv failed error: 10054
2024-06-16 08:01:06.092575|ERROR   |              |   |TS3ANetwork::Recv failed error: 10054
2024-06-16 08:11:02.420724|ERROR   |              |   |TS3ANetwork::Recv failed error: 10054
2024-06-16 08:11:04.107635|ERROR   |              |   |TS3ANetwork::Recv failed error: 10054
2024-06-16 08:11:06.138422|ERROR   |              |   |TS3ANetwork::Recv failed error: 10054
2024-06-16 08:21:02.476887|ERROR   |              |   |TS3ANetwork::Recv failed error: 10054
2024-06-16 08:21:04.047015|ERROR   |              |   |TS3ANetwork::Recv failed error: 10054
2024-06-16 08:21:06.060819|ERROR   |              |   |TS3ANetwork::Recv failed error: 10054
2024-06-16 08:31:02.497703|ERROR   |              |   |TS3ANetwork::Recv failed error: 10054
2024-06-16 08:31:04.052163|ERROR   |              |   |TS3ANetwork::Recv failed error: 10054
2024-06-16 08:31:06.050561|ERROR   |              |   |TS3ANetwork::Recv failed error: 10054
2024-06-16 08:41:02.528761|ERROR   |              |   |TS3ANetwork::Recv failed error: 10054
2024-06-16 08:41:04.099359|ERROR   |              |   |TS3ANetwork::Recv failed error: 10054
2024-06-16 08:41:06.079623|ERROR   |              |   |TS3ANetwork::Recv failed error: 10054
2024-06-16 08:51:02.586312|ERROR   |              |   |TS3ANetwork::Recv failed error: 10054
2024-06-16 08:51:04.028947|ERROR   |              |   |TS3ANetwork::Recv failed error: 10054
2024-06-16 08:51:06.143305|ERROR   |              |   |TS3ANetwork::Recv failed error: 10054
2024-06-16 09:01:02.666562|ERROR   |              |   |TS3ANetwork::Recv failed error: 10054
2024-06-16 09:01:04.119795|ERROR   |              |   |TS3ANetwork::Recv failed error: 10054
2024-06-16 09:01:06.111554|ERROR   |              |   |TS3ANetwork::Recv failed error: 10054
2024-06-16 09:11:02.755982|ERROR   |              |   |TS3ANetwork::Recv failed error: 10054
2024-06-16 09:11:04.094159|ERROR   |              |   |TS3ANetwork::Recv failed error: 10054
2024-06-16 09:11:06.093662|ERROR   |              |   |TS3ANetwork::Recv failed error: 10054
2024-06-16 09:21:02.830239|ERROR   |              |   |TS3ANetwork::Recv failed error: 10054
2024-06-16 09:21:04.074628|ERROR   |              |   |TS3ANetwork::Recv failed error: 10054
2024-06-16 09:21:06.063821|ERROR   |              |   |TS3ANetwork::Recv failed error: 10054
2024-06-16 09:31:02.835261|ERROR   |              |   |TS3ANetwork::Recv failed error: 10054
2024-06-16 09:31:04.062786|ERROR   |              |   |TS3ANetwork::Recv failed error: 10054
2024-06-16 09:31:06.049469|ERROR   |              |   |TS3ANetwork::Recv failed error: 10054
2024-06-16 09:41:02.906064|ERROR   |              |   |TS3ANetwork::Recv failed error: 10054
2024-06-16 09:41:04.129806|ERROR   |              |   |TS3ANetwork::Recv failed error: 10054
2024-06-16 09:41:06.120374|ERROR   |              |   |TS3ANetwork::Recv failed error: 10054
2024-06-16 09:51:02.962519|ERROR   |              |   |TS3ANetwork::Recv failed error: 10054
2024-06-16 09:51:04.070561|ERROR   |              |   |TS3ANetwork::Recv failed error: 10054
2024-06-16 09:51:06.059343|ERROR   |              |   |TS3ANetwork::Recv failed error: 10054
2024-06-16 10:01:02.901495|ERROR   |              |   |TS3ANetwork::Recv failed error: 10054
2024-06-16 10:01:06.099267|ERROR   |              |   |TS3ANetwork::Recv failed error: 10054
2024-06-16 10:11:03.027392|ERROR   |              |   |TS3ANetwork::Recv failed error: 10054
2024-06-16 10:11:05.130124|ERROR   |              |   |TS3ANetwork::Recv failed error: 10054
2024-06-16 10:11:07.125945|ERROR   |              |   |TS3ANetwork::Recv failed error: 10054
2024-06-16 10:21:03.034055|ERROR   |              |   |TS3ANetwork::Recv failed error: 10054
2024-06-16 10:21:05.123090|ERROR   |              |   |TS3ANetwork::Recv failed error: 10054
2024-06-16 10:31:03.034900|ERROR   |              |   |TS3ANetwork::Recv failed error: 10054
2024-06-16 10:31:05.117787|ERROR   |              |   |TS3ANetwork::Recv failed error: 10054
2024-06-16 10:31:07.099838|ERROR   |              |   |TS3ANetwork::Recv failed error: 10054
2024-06-16 10:41:03.052221|ERROR   |              |   |TS3ANetwork::Recv failed error: 10054
2024-06-16 10:41:05.052356|ERROR   |              |   |TS3ANetwork::Recv failed error: 10054
2024-06-16 10:41:07.037656|ERROR   |              |   |TS3ANetwork::Recv failed error: 10054
2024-06-16 10:51:03.084421|ERROR   |              |   |TS3ANetwork::Recv failed error: 10054
2024-06-16 10:51:05.078844|ERROR   |              |   |TS3ANetwork::Recv failed error: 10054
2024-06-16 10:51:07.054232|ERROR   |              |   |TS3ANetwork::Recv failed error: 10054
2024-06-16 11:01:03.118323|ERROR   |              |   |TS3ANetwork::Recv failed error: 10054
2024-06-16 11:01:07.060227|ERROR   |              |   |TS3ANetwork::Recv failed error: 10054
2024-06-16 11:11:03.182278|ERROR   |              |   |TS3ANetwork::Recv failed error: 10054
2024-06-16 11:11:05.061666|ERROR   |              |   |TS3ANetwork::Recv failed error: 10054
2024-06-16 11:11:07.042481|ERROR   |              |   |TS3ANetwork::Recv failed error: 10054
2024-06-16 11:21:03.195475|ERROR   |              |   |TS3ANetwork::Recv failed error: 10054
2024-06-16 11:21:05.048623|ERROR   |              |   |TS3ANetwork::Recv failed error: 10054
2024-06-16 11:21:07.111597|ERROR   |              |   |TS3ANetwork::Recv failed error: 10054
2024-06-16 11:31:03.356345|ERROR   |              |   |TS3ANetwork::Recv failed error: 10054
2024-06-16 11:31:05.138626|ERROR   |              |   |TS3ANetwork::Recv failed error: 10054
2024-06-16 11:31:07.125626|ERROR   |              |   |TS3ANetwork::Recv failed error: 10054
2024-06-16 11:41:03.401441|ERROR   |              |   |TS3ANetwork::Recv failed error: 10054
2024-06-16 11:41:05.052186|ERROR   |              |   |TS3ANetwork::Recv failed error: 10054
2024-06-16 11:41:07.047977|ERROR   |              |   |TS3ANetwork::Recv failed error: 10054
2024-06-16 11:51:03.406221|ERROR   |              |   |TS3ANetwork::Recv failed error: 10054
2024-06-16 11:51:05.058175|ERROR   |              |   |TS3ANetwork::Recv failed error: 10054
2024-06-16 11:51:07.034166|ERROR   |              |   |TS3ANetwork::Recv failed error: 10054
2024-06-16 12:01:03.569755|ERROR   |              |   |TS3ANetwork::Recv failed error: 10054
2024-06-16 12:01:05.108883|ERROR   |              |   |TS3ANetwork::Recv failed error: 10054
2024-06-16 12:01:07.081408|ERROR   |              |   |TS3ANetwork::Recv failed error: 10054
2024-06-16 12:11:03.579438|ERROR   |              |   |TS3ANetwork::Recv failed error: 10054
2024-06-16 12:11:05.141577|ERROR   |              |   |TS3ANetwork::Recv failed error: 10054
2024-06-16 12:11:07.110000|ERROR   |              |   |TS3ANetwork::Recv failed error: 10054
2024-06-16 12:21:03.579234|ERROR   |              |   |TS3ANetwork::Recv failed error: 10054
2024-06-16 12:21:05.123672|ERROR   |              |   |TS3ANetwork::Recv failed error: 10054
2024-06-16 12:21:07.119528|ERROR   |              |   |TS3ANetwork::Recv failed error: 10054
2024-06-16 12:31:03.648213|ERROR   |              |   |TS3ANetwork::Recv failed error: 10054
2024-06-16 12:31:05.092603|ERROR   |              |   |TS3ANetwork::Recv failed error: 10054
2024-06-16 12:41:03.675653|ERROR   |              |   |TS3ANetwork::Recv failed error: 10054
2024-06-16 12:41:05.115899|ERROR   |              |   |TS3ANetwork::Recv failed error: 10054
2024-06-16 12:41:07.080659|ERROR   |              |   |TS3ANetwork::Recv failed error: 10054
2024-06-16 12:51:03.858284|ERROR   |              |   |TS3ANetwork::Recv failed error: 10054
2024-06-16 12:51:05.142881|ERROR   |              |   |TS3ANetwork::Recv failed error: 10054
2024-06-16 12:51:07.114553|ERROR   |              |   |TS3ANetwork::Recv failed error: 10054
2024-06-16 13:01:03.843990|ERROR   |              |   |TS3ANetwork::Recv failed error: 10054
2024-06-16 13:01:05.074480|ERROR   |              |   |TS3ANetwork::Recv failed error: 10054
2024-06-16 13:01:07.079572|ERROR   |              |   |TS3ANetwork::Recv failed error: 10054
2024-06-16 13:11:03.942849|ERROR   |              |   |TS3ANetwork::Recv failed error: 10054
2024-06-16 13:11:07.135095|ERROR   |              |   |TS3ANetwork::Recv failed error: 10054
2024-06-16 13:21:03.962336|ERROR   |              |   |TS3ANetwork::Recv failed error: 10054
2024-06-16 13:21:05.075965|ERROR   |              |   |TS3ANetwork::Recv failed error: 10054
2024-06-16 13:21:07.063720|ERROR   |              |   |TS3ANetwork::Recv failed error: 10054
2024-06-16 13:31:03.958429|ERROR   |              |   |TS3ANetwork::Recv failed error: 10054
2024-06-16 13:31:05.088517|ERROR   |              |   |TS3ANetwork::Recv failed error: 10054
2024-06-16 13:31:07.060721|ERROR   |              |   |TS3ANetwork::Recv failed error: 10054
2024-06-16 13:38:27.813016|INFO    |              |   |myTeamSpeak identifier revocation list was downloaded successfully - all related features are activated
2024-06-16 13:41:04.019091|ERROR   |              |   |TS3ANetwork::Recv failed error: 10054
2024-06-16 13:41:05.132695|ERROR   |              |   |TS3ANetwork::Recv failed error: 10054
2024-06-16 13:41:07.119418|ERROR   |              |   |TS3ANetwork::Recv failed error: 10054
2024-06-16 13:51:04.084048|ERROR   |              |   |TS3ANetwork::Recv failed error: 10054
2024-06-16 13:51:06.030802|ERROR   |              |   |TS3ANetwork::Recv failed error: 10054
2024-06-16 14:01:04.084966|ERROR   |              |   |TS3ANetwork::Recv failed error: 10054
2024-06-16 14:01:06.129847|ERROR   |              |   |TS3ANetwork::Recv failed error: 10054
2024-06-16 14:01:08.067648|ERROR   |              |   |TS3ANetwork::Recv failed error: 10054
2024-06-16 14:11:04.282207|ERROR   |              |   |TS3ANetwork::Recv failed error: 10054
2024-06-16 14:11:06.042586|ERROR   |              |   |TS3ANetwork::Recv failed error: 10054
2024-06-16 14:11:08.132285|ERROR   |              |   |TS3ANetwork::Recv failed error: 10054
2024-06-16 14:21:04.296763|ERROR   |              |   |TS3ANetwork::Recv failed error: 10054
2024-06-16 14:21:08.138631|ERROR   |              |   |TS3ANetwork::Recv failed error: 10054
2024-06-16 14:31:04.324088|ERROR   |              |   |TS3ANetwork::Recv failed error: 10054
2024-06-16 14:31:08.153391|ERROR   |              |   |TS3ANetwork::Recv failed error: 10054
2024-06-16 14:41:06.059314|ERROR   |              |   |TS3ANetwork::Recv failed error: 10054
2024-06-16 14:41:08.069298|ERROR   |              |   |TS3ANetwork::Recv failed error: 10054
2024-06-16 14:51:04.320092|ERROR   |              |   |TS3ANetwork::Recv failed error: 10054
2024-06-16 14:51:06.114920|ERROR   |              |   |TS3ANetwork::Recv failed error: 10054
2024-06-16 14:51:08.112820|ERROR   |              |   |TS3ANetwork::Recv failed error: 10054
2024-06-16 15:01:04.288124|ERROR   |              |   |TS3ANetwork::Recv failed error: 10054
2024-06-16 15:01:06.062169|ERROR   |              |   |TS3ANetwork::Recv failed error: 10054
2024-06-16 15:01:08.044704|ERROR   |              |   |TS3ANetwork::Recv failed error: 10054
2024-06-16 15:11:04.338097|ERROR   |              |   |TS3ANetwork::Recv failed error: 10054
2024-06-16 15:11:08.103651|ERROR   |              |   |TS3ANetwork::Recv failed error: 10054
2024-06-16 15:21:04.440243|ERROR   |              |   |TS3ANetwork::Recv failed error: 10054
2024-06-16 15:21:06.102274|ERROR   |              |   |TS3ANetwork::Recv failed error: 10054
2024-06-16 15:31:04.491434|ERROR   |              |   |TS3ANetwork::Recv failed error: 10054
2024-06-16 15:31:06.040096|ERROR   |              |   |TS3ANetwork::Recv failed error: 10054
2024-06-16 15:31:08.131013|ERROR   |              |   |TS3ANetwork::Recv failed error: 10054
2024-06-16 15:41:04.498993|ERROR   |              |   |TS3ANetwork::Recv failed error: 10054
2024-06-16 15:41:06.061624|ERROR   |              |   |TS3ANetwork::Recv failed error: 10054
2024-06-16 15:41:08.035861|ERROR   |              |   |TS3ANetwork::Recv failed error: 10054
2024-06-16 15:51:04.680113|ERROR   |              |   |TS3ANetwork::Recv failed error: 10054
2024-06-16 15:51:06.123613|ERROR   |              |   |TS3ANetwork::Recv failed error: 10054
2024-06-16 16:01:04.693440|ERROR   |              |   |TS3ANetwork::Recv failed error: 10054
2024-06-16 16:11:04.761297|ERROR   |              |   |TS3ANetwork::Recv failed error: 10054
2024-06-16 16:11:08.036896|ERROR   |              |   |TS3ANetwork::Recv failed error: 10054
2024-06-16 16:21:04.794521|ERROR   |              |   |TS3ANetwork::Recv failed error: 10054
2024-06-16 16:21:06.131291|ERROR   |              |   |TS3ANetwork::Recv failed error: 10054
2024-06-16 16:21:08.083008|ERROR   |              |   |TS3ANetwork::Recv failed error: 10054
2024-06-16 16:31:04.841136|ERROR   |              |   |TS3ANetwork::Recv failed error: 10054
2024-06-16 16:31:06.051395|ERROR   |              |   |TS3ANetwork::Recv failed error: 10054
2024-06-16 16:31:08.146915|ERROR   |              |   |TS3ANetwork::Recv failed error: 10054
2024-06-16 16:41:04.865278|ERROR   |              |   |TS3ANetwork::Recv failed error: 10054
2024-06-16 16:41:08.037167|ERROR   |              |   |TS3ANetwork::Recv failed error: 10054
2024-06-16 16:51:04.860520|ERROR   |              |   |TS3ANetwork::Recv failed error: 10054
2024-06-16 16:51:06.070984|ERROR   |              |   |TS3ANetwork::Recv failed error: 10054
2024-06-16 16:51:08.048277|ERROR   |              |   |TS3ANetwork::Recv failed error: 10054
2024-06-16 17:01:04.859883|ERROR   |              |   |TS3ANetwork::Recv failed error: 10054
2024-06-16 17:01:06.088948|ERROR   |              |   |TS3ANetwork::Recv failed error: 10054
2024-06-16 17:01:08.035167|ERROR   |              |   |TS3ANetwork::Recv failed error: 10054
2024-06-16 17:11:04.892360|ERROR   |              |   |TS3ANetwork::Recv failed error: 10054
2024-06-16 17:11:06.102688|ERROR   |              |   |TS3ANetwork::Recv failed error: 10054
2024-06-16 17:11:08.097171|ERROR   |              |   |TS3ANetwork::Recv failed error: 10054
2024-06-16 17:21:04.986173|ERROR   |              |   |TS3ANetwork::Recv failed error: 10054
2024-06-16 17:21:06.114164|ERROR   |              |   |TS3ANetwork::Recv failed error: 10054
2024-06-16 17:21:08.037966|ERROR   |              |   |TS3ANetwork::Recv failed error: 10054
2024-06-16 17:31:05.036254|ERROR   |              |   |TS3ANetwork::Recv failed error: 10054
2024-06-16 17:31:07.109434|ERROR   |              |   |TS3ANetwork::Recv failed error: 10054
2024-06-16 17:31:09.069981|ERROR   |              |   |TS3ANetwork::Recv failed error: 10054
2024-06-16 17:41:04.925998|ERROR   |              |   |TS3ANetwork::Recv failed error: 10054
2024-06-16 17:41:06.055646|ERROR   |              |   |TS3ANetwork::Recv failed error: 10054
2024-06-16 17:41:08.050082|ERROR   |              |   |TS3ANetwork::Recv failed error: 10054
2024-06-16 17:51:04.988673|ERROR   |              |   |TS3ANetwork::Recv failed error: 10054
2024-06-16 17:51:06.110606|ERROR   |              |   |TS3ANetwork::Recv failed error: 10054
2024-06-16 17:51:08.119814|ERROR   |              |   |TS3ANetwork::Recv failed error: 10054
2024-06-16 18:01:05.166096|ERROR   |              |   |TS3ANetwork::Recv failed error: 10054
2024-06-16 18:01:07.054609|ERROR   |              |   |TS3ANetwork::Recv failed error: 10054
2024-06-16 18:01:09.059056|ERROR   |              |   |TS3ANetwork::Recv failed error: 10054
2024-06-16 18:11:09.057051|ERROR   |              |   |TS3ANetwork::Recv failed error: 10054
2024-06-16 18:21:05.295123|ERROR   |              |   |TS3ANetwork::Recv failed error: 10054
2024-06-16 18:21:07.071974|ERROR   |              |   |TS3ANetwork::Recv failed error: 10054
2024-06-16 18:21:09.071711|ERROR   |              |   |TS3ANetwork::Recv failed error: 10054
2024-06-16 18:31:05.299705|ERROR   |              |   |TS3ANetwork::Recv failed error: 10054
2024-06-16 18:31:07.091864|ERROR   |              |   |TS3ANetwork::Recv failed error: 10054
2024-06-16 18:31:09.083423|ERROR   |              |   |TS3ANetwork::Recv failed error: 10054
2024-06-16 18:41:05.296316|ERROR   |              |   |TS3ANetwork::Recv failed error: 10054
2024-06-16 18:41:09.051453|ERROR   |              |   |TS3ANetwork::Recv failed error: 10054
2024-06-16 18:51:05.264746|ERROR   |              |   |TS3ANetwork::Recv failed error: 10054
2024-06-16 18:51:07.037645|ERROR   |              |   |TS3ANetwork::Recv failed error: 10054
2024-06-16 18:51:09.041533|ERROR   |              |   |TS3ANetwork::Recv failed error: 10054
2024-06-16 19:01:05.333322|ERROR   |              |   |TS3ANetwork::Recv failed error: 10054
2024-06-16 19:01:09.071034|ERROR   |              |   |TS3ANetwork::Recv failed error: 10054
2024-06-16 19:11:05.462544|ERROR   |              |   |TS3ANetwork::Recv failed error: 10054
2024-06-16 19:11:07.140761|ERROR   |              |   |TS3ANetwork::Recv failed error: 10054
2024-06-16 19:11:09.134864|ERROR   |              |   |TS3ANetwork::Recv failed error: 10054
2024-06-16 19:21:05.521018|ERROR   |              |   |TS3ANetwork::Recv failed error: 10054
2024-06-16 19:21:07.081121|ERROR   |              |   |TS3ANetwork::Recv failed error: 10054
2024-06-16 19:21:09.105860|ERROR   |              |   |TS3ANetwork::Recv failed error: 10054
2024-06-16 19:31:05.615297|ERROR   |              |   |TS3ANetwork::Recv failed error: 10054
2024-06-16 19:31:07.059144|ERROR   |              |   |TS3ANetwork::Recv failed error: 10054
2024-06-16 19:31:09.052629|ERROR   |              |   |TS3ANetwork::Recv failed error: 10054
2024-06-16 19:41:05.644903|ERROR   |              |   |TS3ANetwork::Recv failed error: 10054
2024-06-16 19:41:07.110227|ERROR   |              |   |TS3ANetwork::Recv failed error: 10054
2024-06-16 19:41:09.105754|ERROR   |              |   |TS3ANetwork::Recv failed error: 10054
2024-06-16 19:51:05.646352|ERROR   |              |   |TS3ANetwork::Recv failed error: 10054
2024-06-16 19:51:07.099272|ERROR   |              |   |TS3ANetwork::Recv failed error: 10054
2024-06-16 19:51:09.102074|ERROR   |              |   |TS3ANetwork::Recv failed error: 10054
2024-06-16 20:01:05.675434|ERROR   |              |   |TS3ANetwork::Recv failed error: 10054
2024-06-16 20:01:07.120073|ERROR   |              |   |TS3ANetwork::Recv failed error: 10054
2024-06-16 20:01:09.136303|ERROR   |              |   |TS3ANetwork::Recv failed error: 10054
2024-06-16 20:11:05.686109|ERROR   |              |   |TS3ANetwork::Recv failed error: 10054
2024-06-16 20:11:07.028048|ERROR   |              |   |TS3ANetwork::Recv failed error: 10054
2024-06-16 20:11:09.027975|ERROR   |              |   |TS3ANetwork::Recv failed error: 10054
2024-06-16 20:21:05.750528|ERROR   |              |   |TS3ANetwork::Recv failed error: 10054
2024-06-16 20:21:07.088844|ERROR   |              |   |TS3ANetwork::Recv failed error: 10054
2024-06-16 20:21:09.088797|ERROR   |              |   |TS3ANetwork::Recv failed error: 10054
2024-06-16 20:31:05.733489|ERROR   |              |   |TS3ANetwork::Recv failed error: 10054
2024-06-16 20:31:07.087182|ERROR   |              |   |TS3ANetwork::Recv failed error: 10054
2024-06-16 20:41:05.745354|ERROR   |              |   |TS3ANetwork::Recv failed error: 10054
2024-06-16 20:41:07.095672|ERROR   |              |   |TS3ANetwork::Recv failed error: 10054
2024-06-16 20:41:09.105338|ERROR   |              |   |TS3ANetwork::Recv failed error: 10054
2024-06-16 20:51:05.892925|ERROR   |              |   |TS3ANetwork::Recv failed error: 10054
2024-06-16 20:51:07.121025|ERROR   |              |   |TS3ANetwork::Recv failed error: 10054
2024-06-16 20:51:09.123505|ERROR   |              |   |TS3ANetwork::Recv failed error: 10054
2024-06-16 21:01:05.967795|ERROR   |              |   |TS3ANetwork::Recv failed error: 10054
2024-06-16 21:01:07.096549|ERROR   |              |   |TS3ANetwork::Recv failed error: 10054
2024-06-16 21:01:09.096461|ERROR   |              |   |TS3ANetwork::Recv failed error: 10054
2024-06-16 21:11:05.940689|ERROR   |              |   |TS3ANetwork::Recv failed error: 10054
2024-06-16 21:11:07.069976|ERROR   |              |   |TS3ANetwork::Recv failed error: 10054
2024-06-16 21:11:09.055534|ERROR   |              |   |TS3ANetwork::Recv failed error: 10054
2024-06-16 21:21:06.102847|ERROR   |              |   |TS3ANetwork::Recv failed error: 10054
2024-06-16 21:21:08.103971|ERROR   |              |   |TS3ANetwork::Recv failed error: 10054
2024-06-16 21:21:10.110552|ERROR   |              |   |TS3ANetwork::Recv failed error: 10054
2024-06-16 21:31:06.138828|ERROR   |              |   |TS3ANetwork::Recv failed error: 10054
2024-06-16 21:31:08.134777|ERROR   |              |   |TS3ANetwork::Recv failed error: 10054
2024-06-16 21:31:10.137159|ERROR   |              |   |TS3ANetwork::Recv failed error: 10054
2024-06-16 21:41:06.117982|ERROR   |              |   |TS3ANetwork::Recv failed error: 10054
2024-06-16 21:41:08.114496|ERROR   |              |   |TS3ANetwork::Recv failed error: 10054
2024-06-16 21:41:10.108320|ERROR   |              |   |TS3ANetwork::Recv failed error: 10054
2024-06-16 21:51:06.163474|ERROR   |              |   |TS3ANetwork::Recv failed error: 10054
2024-06-16 21:51:08.053235|ERROR   |              |   |TS3ANetwork::Recv failed error: 10054
2024-06-16 21:51:10.054345|ERROR   |              |   |TS3ANetwork::Recv failed error: 10054
2024-06-16 22:01:06.241724|ERROR   |              |   |TS3ANetwork::Recv failed error: 10054
2024-06-16 22:01:08.135045|ERROR   |              |   |TS3ANetwork::Recv failed error: 10054
2024-06-16 22:01:10.028979|ERROR   |              |   |TS3ANetwork::Recv failed error: 10054
2024-06-16 22:11:06.266150|ERROR   |              |   |TS3ANetwork::Recv failed error: 10054
2024-06-16 22:11:08.048188|ERROR   |              |   |TS3ANetwork::Recv failed error: 10054
2024-06-16 22:11:10.052791|ERROR   |              |   |TS3ANetwork::Recv failed error: 10054
2024-06-16 22:21:06.343308|ERROR   |              |   |TS3ANetwork::Recv failed error: 10054
2024-06-16 22:21:08.131127|ERROR   |              |   |TS3ANetwork::Recv failed error: 10054
2024-06-16 22:21:10.135052|ERROR   |              |   |TS3ANetwork::Recv failed error: 10054
2024-06-16 22:31:06.431454|ERROR   |              |   |TS3ANetwork::Recv failed error: 10054
2024-06-16 22:31:08.117484|ERROR   |              |   |TS3ANetwork::Recv failed error: 10054
2024-06-16 22:31:10.118576|ERROR   |              |   |TS3ANetwork::Recv failed error: 10054
2024-06-16 22:41:06.460628|ERROR   |              |   |TS3ANetwork::Recv failed error: 10054
2024-06-16 22:41:08.143438|ERROR   |              |   |TS3ANetwork::Recv failed error: 10054
2024-06-16 22:41:10.128694|ERROR   |              |   |TS3ANetwork::Recv failed error: 10054
2024-06-16 22:51:06.479147|ERROR   |              |   |TS3ANetwork::Recv failed error: 10054
2024-06-16 22:51:08.031776|ERROR   |              |   |TS3ANetwork::Recv failed error: 10054
2024-06-16 22:51:10.042308|ERROR   |              |   |TS3ANetwork::Recv failed error: 10054
2024-06-16 23:01:06.585990|ERROR   |              |   |TS3ANetwork::Recv failed error: 10054
2024-06-16 23:01:08.033387|ERROR   |              |   |TS3ANetwork::Recv failed error: 10054
2024-06-16 23:01:10.041248|ERROR   |              |   |TS3ANetwork::Recv failed error: 10054
2024-06-16 23:11:06.694689|ERROR   |              |   |TS3ANetwork::Recv failed error: 10054
2024-06-16 23:11:08.039614|ERROR   |              |   |TS3ANetwork::Recv failed error: 10054
2024-06-16 23:11:10.040073|ERROR   |              |   |TS3ANetwork::Recv failed error: 10054
2024-06-16 23:21:06.740887|ERROR   |              |   |TS3ANetwork::Recv failed error: 10054
2024-06-16 23:21:08.101654|ERROR   |              |   |TS3ANetwork::Recv failed error: 10054
2024-06-16 23:31:06.741105|ERROR   |              |   |TS3ANetwork::Recv failed error: 10054
2024-06-16 23:31:08.081365|ERROR   |              |   |TS3ANetwork::Recv failed error: 10054
2024-06-16 23:41:06.761940|ERROR   |              |   |TS3ANetwork::Recv failed error: 10054
2024-06-16 23:41:10.079834|ERROR   |              |   |TS3ANetwork::Recv failed error: 10054
2024-06-16 23:51:06.875833|ERROR   |              |   |TS3ANetwork::Recv failed error: 10054
2024-06-16 23:51:08.121024|ERROR   |              |   |TS3ANetwork::Recv failed error: 10054
2024-06-16 23:51:10.112606|ERROR   |              |   |TS3ANetwork::Recv failed error: 10054
2024-06-17 00:01:06.818320|ERROR   |              |   |TS3ANetwork::Recv failed error: 10054
2024-06-17 00:01:08.050832|ERROR   |              |   |TS3ANetwork::Recv failed error: 10054
2024-06-17 00:01:10.034443|ERROR   |              |   |TS3ANetwork::Recv failed error: 10054
2024-06-17 00:11:06.949124|ERROR   |              |   |TS3ANetwork::Recv failed error: 10054
2024-06-17 00:11:08.074868|ERROR   |              |   |TS3ANetwork::Recv failed error: 10054
2024-06-17 00:11:10.082075|ERROR   |              |   |TS3ANetwork::Recv failed error: 10054
2024-06-17 00:21:06.976041|ERROR   |              |   |TS3ANetwork::Recv failed error: 10054
2024-06-17 00:21:08.106427|ERROR   |              |   |TS3ANetwork::Recv failed error: 10054
2024-06-17 00:21:10.121667|ERROR   |              |   |TS3ANetwork::Recv failed error: 10054
2024-06-17 00:31:07.031682|ERROR   |              |   |TS3ANetwork::Recv failed error: 10054
2024-06-17 00:31:09.037394|ERROR   |              |   |TS3ANetwork::Recv failed error: 10054
2024-06-17 00:31:11.040536|ERROR   |              |   |TS3ANetwork::Recv failed error: 10054
2024-06-17 00:41:07.123172|ERROR   |              |   |TS3ANetwork::Recv failed error: 10054
2024-06-17 00:41:09.123339|ERROR   |              |   |TS3ANetwork::Recv failed error: 10054
2024-06-17 00:41:11.114406|ERROR   |              |   |TS3ANetwork::Recv failed error: 10054
2024-06-17 00:51:07.177581|ERROR   |              |   |TS3ANetwork::Recv failed error: 10054
2024-06-17 00:51:09.084652|ERROR   |              |   |TS3ANetwork::Recv failed error: 10054
2024-06-17 00:51:11.068500|ERROR   |              |   |TS3ANetwork::Recv failed error: 10054
2024-06-17 01:01:07.257971|ERROR   |              |   |TS3ANetwork::Recv failed error: 10054
2024-06-17 01:01:09.039885|ERROR   |              |   |TS3ANetwork::Recv failed error: 10054
2024-06-17 01:01:11.051841|ERROR   |              |   |TS3ANetwork::Recv failed error: 10054
2024-06-17 01:11:07.311605|ERROR   |              |   |TS3ANetwork::Recv failed error: 10054
2024-06-17 01:11:09.087078|ERROR   |              |   |TS3ANetwork::Recv failed error: 10054
2024-06-17 01:11:11.081854|ERROR   |              |   |TS3ANetwork::Recv failed error: 10054
2024-06-17 01:21:07.460449|ERROR   |              |   |TS3ANetwork::Recv failed error: 10054
2024-06-17 01:21:09.135941|ERROR   |              |   |TS3ANetwork::Recv failed error: 10054
2024-06-17 01:21:11.033039|ERROR   |              |   |TS3ANetwork::Recv failed error: 10054
2024-06-17 01:31:07.516319|ERROR   |              |   |TS3ANetwork::Recv failed error: 10054
2024-06-17 01:31:09.093159|ERROR   |              |   |TS3ANetwork::Recv failed error: 10054
2024-06-17 01:31:11.075092|ERROR   |              |   |TS3ANetwork::Recv failed error: 10054
2024-06-17 01:41:07.541419|ERROR   |              |   |TS3ANetwork::Recv failed error: 10054
2024-06-17 01:41:09.106475|ERROR   |              |   |TS3ANetwork::Recv failed error: 10054
2024-06-17 01:41:11.131856|ERROR   |              |   |TS3ANetwork::Recv failed error: 10054
2024-06-17 01:51:07.595958|ERROR   |              |   |TS3ANetwork::Recv failed error: 10054
2024-06-17 01:51:09.042858|ERROR   |              |   |TS3ANetwork::Recv failed error: 10054
2024-06-17 01:51:11.047517|ERROR   |              |   |TS3ANetwork::Recv failed error: 10054
2024-06-17 02:01:07.621870|ERROR   |              |   |TS3ANetwork::Recv failed error: 10054
2024-06-17 02:01:09.077082|ERROR   |              |   |TS3ANetwork::Recv failed error: 10054
2024-06-17 02:01:11.074755|ERROR   |              |   |TS3ANetwork::Recv failed error: 10054
2024-06-17 02:11:07.614019|ERROR   |              |   |TS3ANetwork::Recv failed error: 10054
2024-06-17 02:11:09.073757|ERROR   |              |   |TS3ANetwork::Recv failed error: 10054
2024-06-17 02:11:11.066894|ERROR   |              |   |TS3ANetwork::Recv failed error: 10054
2024-06-17 02:21:07.636905|ERROR   |              |   |TS3ANetwork::Recv failed error: 10054
2024-06-17 02:21:09.100462|ERROR   |              |   |TS3ANetwork::Recv failed error: 10054
2024-06-17 02:21:11.109552|ERROR   |              |   |TS3ANetwork::Recv failed error: 10054
2024-06-17 02:31:07.749029|ERROR   |              |   |TS3ANetwork::Recv failed error: 10054
2024-06-17 02:31:09.085164|ERROR   |              |   |TS3ANetwork::Recv failed error: 10054
2024-06-17 02:31:11.087628|ERROR   |              |   |TS3ANetwork::Recv failed error: 10054
2024-06-17 02:41:07.749667|ERROR   |              |   |TS3ANetwork::Recv failed error: 10054
2024-06-17 02:41:09.091912|ERROR   |              |   |TS3ANetwork::Recv failed error: 10054
2024-06-17 02:41:11.089842|ERROR   |              |   |TS3ANetwork::Recv failed error: 10054
2024-06-17 02:51:07.774180|ERROR   |              |   |TS3ANetwork::Recv failed error: 10054
2024-06-17 02:51:09.128127|ERROR   |              |   |TS3ANetwork::Recv failed error: 10054
2024-06-17 02:51:11.125084|ERROR   |              |   |TS3ANetwork::Recv failed error: 10054
2024-06-17 03:01:07.782718|ERROR   |              |   |TS3ANetwork::Recv failed error: 10054
2024-06-17 03:01:09.123231|ERROR   |              |   |TS3ANetwork::Recv failed error: 10054
2024-06-17 03:01:11.134195|ERROR   |              |   |TS3ANetwork::Recv failed error: 10054
2024-06-17 03:11:07.816095|ERROR   |              |   |TS3ANetwork::Recv failed error: 10054
2024-06-17 03:11:09.048563|ERROR   |              |   |TS3ANetwork::Recv failed error: 10054
2024-06-17 03:11:11.037313|ERROR   |              |   |TS3ANetwork::Recv failed error: 10054
2024-06-17 03:21:07.866145|ERROR   |              |   |TS3ANetwork::Recv failed error: 10054
2024-06-17 03:21:09.102113|ERROR   |              |   |TS3ANetwork::Recv failed error: 10054
2024-06-17 03:21:11.104916|ERROR   |              |   |TS3ANetwork::Recv failed error: 10054
2024-06-17 03:31:07.879618|ERROR   |              |   |TS3ANetwork::Recv failed error: 10054
2024-06-17 03:31:09.128748|ERROR   |              |   |TS3ANetwork::Recv failed error: 10054
2024-06-17 03:31:11.027573|ERROR   |              |   |TS3ANetwork::Recv failed error: 10054
2024-06-17 03:41:07.932613|ERROR   |              |   |TS3ANetwork::Recv failed error: 10054
2024-06-17 03:41:09.050782|ERROR   |              |   |TS3ANetwork::Recv failed error: 10054
2024-06-17 03:41:11.072351|ERROR   |              |   |TS3ANetwork::Recv failed error: 10054
2024-06-17 03:51:07.912117|ERROR   |              |   |TS3ANetwork::Recv failed error: 10054
2024-06-17 03:51:09.037272|ERROR   |              |   |TS3ANetwork::Recv failed error: 10054
2024-06-17 03:51:11.047862|ERROR   |              |   |TS3ANetwork::Recv failed error: 10054
2024-06-17 04:01:08.036840|ERROR   |              |   |TS3ANetwork::Recv failed error: 10054
2024-06-17 04:01:10.136117|ERROR   |              |   |TS3ANetwork::Recv failed error: 10054
2024-06-17 04:01:12.134038|ERROR   |              |   |TS3ANetwork::Recv failed error: 10054
2024-06-17 04:11:08.066506|ERROR   |              |   |TS3ANetwork::Recv failed error: 10054
2024-06-17 04:11:10.050315|ERROR   |              |   |TS3ANetwork::Recv failed error: 10054
2024-06-17 04:11:12.043161|ERROR   |              |   |TS3ANetwork::Recv failed error: 10054
2024-06-17 04:21:08.078460|ERROR   |              |   |TS3ANetwork::Recv failed error: 10054
2024-06-17 04:21:12.060838|ERROR   |              |   |TS3ANetwork::Recv failed error: 10054
2024-06-17 04:31:08.059779|ERROR   |              |   |TS3ANetwork::Recv failed error: 10054
2024-06-17 04:31:10.066231|ERROR   |              |   |TS3ANetwork::Recv failed error: 10054
2024-06-17 04:31:12.096516|ERROR   |              |   |TS3ANetwork::Recv failed error: 10054
2024-06-17 04:41:08.158119|ERROR   |              |   |TS3ANetwork::Recv failed error: 10054
2024-06-17 04:41:10.071399|ERROR   |              |   |TS3ANetwork::Recv failed error: 10054
2024-06-17 04:51:08.178835|ERROR   |              |   |TS3ANetwork::Recv failed error: 10054
2024-06-17 04:51:10.056290|ERROR   |              |   |TS3ANetwork::Recv failed error: 10054
2024-06-17 05:01:08.328096|ERROR   |              |   |TS3ANetwork::Recv failed error: 10054
2024-06-17 05:01:10.130498|ERROR   |              |   |TS3ANetwork::Recv failed error: 10054
2024-06-17 05:01:12.127059|ERROR   |              |   |TS3ANetwork::Recv failed error: 10054
2024-06-17 05:11:08.419354|ERROR   |              |   |TS3ANetwork::Recv failed error: 10054
2024-06-17 05:11:10.090430|ERROR   |              |   |TS3ANetwork::Recv failed error: 10054
2024-06-17 05:11:12.101620|ERROR   |              |   |TS3ANetwork::Recv failed error: 10054
2024-06-17 05:21:08.490184|ERROR   |              |   |TS3ANetwork::Recv failed error: 10054
2024-06-17 05:21:10.038298|ERROR   |              |   |TS3ANetwork::Recv failed error: 10054
2024-06-17 05:21:12.034605|ERROR   |              |   |TS3ANetwork::Recv failed error: 10054
2024-06-17 05:31:08.540245|ERROR   |              |   |TS3ANetwork::Recv failed error: 10054
2024-06-17 05:31:10.103352|ERROR   |              |   |TS3ANetwork::Recv failed error: 10054
2024-06-17 05:31:12.103311|ERROR   |              |   |TS3ANetwork::Recv failed error: 10054
2024-06-17 05:41:08.613119|ERROR   |              |   |TS3ANetwork::Recv failed error: 10054
2024-06-17 05:41:10.082802|ERROR   |              |   |TS3ANetwork::Recv failed error: 10054
2024-06-17 05:41:12.093104|ERROR   |              |   |TS3ANetwork::Recv failed error: 10054
2024-06-17 05:51:08.673221|ERROR   |              |   |TS3ANetwork::Recv failed error: 10054
2024-06-17 05:51:10.125339|ERROR   |              |   |TS3ANetwork::Recv failed error: 10054
2024-06-17 05:51:12.134719|ERROR   |              |   |TS3ANetwork::Recv failed error: 10054
2024-06-17 06:01:08.720112|ERROR   |              |   |TS3ANetwork::Recv failed error: 10054
2024-06-17 06:01:10.062089|ERROR   |              |   |TS3ANetwork::Recv failed error: 10054
2024-06-17 06:01:12.057316|ERROR   |              |   |TS3ANetwork::Recv failed error: 10054
2024-06-17 06:11:08.870036|ERROR   |              |   |TS3ANetwork::Recv failed error: 10054
2024-06-17 06:11:10.095352|ERROR   |              |   |TS3ANetwork::Recv failed error: 10054
2024-06-17 06:11:12.099002|ERROR   |              |   |TS3ANetwork::Recv failed error: 10054
2024-06-17 06:21:08.914483|ERROR   |              |   |TS3ANetwork::Recv failed error: 10054
2024-06-17 06:21:10.055937|ERROR   |              |   |TS3ANetwork::Recv failed error: 10054
2024-06-17 06:21:12.046379|ERROR   |              |   |TS3ANetwork::Recv failed error: 10054
2024-06-17 06:31:08.992174|ERROR   |              |   |TS3ANetwork::Recv failed error: 10054
2024-06-17 06:31:10.111062|ERROR   |              |   |TS3ANetwork::Recv failed error: 10054
2024-06-17 06:31:12.120041|ERROR   |              |   |TS3ANetwork::Recv failed error: 10054
2024-06-17 06:41:09.044466|ERROR   |              |   |TS3ANetwork::Recv failed error: 10054
2024-06-17 06:41:11.040684|ERROR   |              |   |TS3ANetwork::Recv failed error: 10054
2024-06-17 06:41:13.051422|ERROR   |              |   |TS3ANetwork::Recv failed error: 10054
2024-06-17 06:51:09.141270|ERROR   |              |   |TS3ANetwork::Recv failed error: 10054
2024-06-17 06:51:11.034594|ERROR   |              |   |TS3ANetwork::Recv failed error: 10054
2024-06-17 06:51:13.036435|ERROR   |              |   |TS3ANetwork::Recv failed error: 10054
2024-06-17 07:01:09.235906|ERROR   |              |   |TS3ANetwork::Recv failed error: 10054
2024-06-17 07:01:11.127868|ERROR   |              |   |TS3ANetwork::Recv failed error: 10054
2024-06-17 07:01:13.030358|ERROR   |              |   |TS3ANetwork::Recv failed error: 10054
2024-06-17 07:11:09.278237|ERROR   |              |   |TS3ANetwork::Recv failed error: 10054
2024-06-17 07:11:11.067959|ERROR   |              |   |TS3ANetwork::Recv failed error: 10054
2024-06-17 07:11:13.055488|ERROR   |              |   |TS3ANetwork::Recv failed error: 10054
2024-06-17 07:21:09.285339|ERROR   |              |   |TS3ANetwork::Recv failed error: 10054
2024-06-17 07:21:11.064411|ERROR   |              |   |TS3ANetwork::Recv failed error: 10054
2024-06-17 07:31:09.432246|ERROR   |              |   |TS3ANetwork::Recv failed error: 10054
2024-06-17 07:31:13.076046|ERROR   |              |   |TS3ANetwork::Recv failed error: 10054
2024-06-17 07:41:09.426265|ERROR   |              |   |TS3ANetwork::Recv failed error: 10054
2024-06-17 07:41:11.095376|ERROR   |              |   |TS3ANetwork::Recv failed error: 10054
2024-06-17 07:41:13.093053|ERROR   |              |   |TS3ANetwork::Recv failed error: 10054
2024-06-17 07:51:09.493107|ERROR   |              |   |TS3ANetwork::Recv failed error: 10054
2024-06-17 07:51:11.069310|ERROR   |              |   |TS3ANetwork::Recv failed error: 10054
2024-06-17 07:51:13.066415|ERROR   |              |   |TS3ANetwork::Recv failed error: 10054
2024-06-17 08:01:09.589812|ERROR   |              |   |TS3ANetwork::Recv failed error: 10054
2024-06-17 08:01:11.040763|ERROR   |              |   |TS3ANetwork::Recv failed error: 10054
2024-06-17 08:01:13.052275|ERROR   |              |   |TS3ANetwork::Recv failed error: 10054
2024-06-17 08:11:09.684534|ERROR   |              |   |TS3ANetwork::Recv failed error: 10054
2024-06-17 08:11:11.134517|ERROR   |              |   |TS3ANetwork::Recv failed error: 10054
2024-06-17 08:11:13.032382|ERROR   |              |   |TS3ANetwork::Recv failed error: 10054
2024-06-17 08:21:09.742962|ERROR   |              |   |TS3ANetwork::Recv failed error: 10054
2024-06-17 08:21:13.068257|ERROR   |              |   |TS3ANetwork::Recv failed error: 10054
2024-06-17 08:31:09.710840|ERROR   |              |   |TS3ANetwork::Recv failed error: 10054
2024-06-17 08:31:11.075949|ERROR   |              |   |TS3ANetwork::Recv failed error: 10054
2024-06-17 08:31:13.066602|ERROR   |              |   |TS3ANetwork::Recv failed error: 10054
2024-06-17 08:41:09.751592|ERROR   |              |   |TS3ANetwork::Recv failed error: 10054
2024-06-17 08:41:11.090825|ERROR   |              |   |TS3ANetwork::Recv failed error: 10054
2024-06-17 08:51:09.823524|ERROR   |              |   |TS3ANetwork::Recv failed error: 10054
2024-06-17 08:51:11.063665|ERROR   |              |   |TS3ANetwork::Recv failed error: 10054
2024-06-17 08:51:13.055361|ERROR   |              |   |TS3ANetwork::Recv failed error: 10054
2024-06-17 09:01:09.916488|ERROR   |              |   |TS3ANetwork::Recv failed error: 10054
2024-06-17 09:01:11.040888|ERROR   |              |   |TS3ANetwork::Recv failed error: 10054
2024-06-17 09:01:13.038496|ERROR   |              |   |TS3ANetwork::Recv failed error: 10054
2024-06-17 09:11:09.963981|ERROR   |              |   |TS3ANetwork::Recv failed error: 10054
2024-06-17 09:11:11.106948|ERROR   |              |   |TS3ANetwork::Recv failed error: 10054
2024-06-17 09:11:13.092614|ERROR   |              |   |TS3ANetwork::Recv failed error: 10054
2024-06-17 09:21:09.946325|ERROR   |              |   |TS3ANetwork::Recv failed error: 10054
2024-06-17 09:21:11.066414|ERROR   |              |   |TS3ANetwork::Recv failed error: 10054
2024-06-17 09:21:13.072538|ERROR   |              |   |TS3ANetwork::Recv failed error: 10054
2024-06-17 09:31:09.952646|ERROR   |              |   |TS3ANetwork::Recv failed error: 10054
2024-06-17 09:31:11.078057|ERROR   |              |   |TS3ANetwork::Recv failed error: 10054
2024-06-17 09:31:13.078000|ERROR   |              |   |TS3ANetwork::Recv failed error: 10054
2024-06-17 09:41:10.043587|ERROR   |              |   |TS3ANetwork::Recv failed error: 10054
2024-06-17 09:41:12.039353|ERROR   |              |   |TS3ANetwork::Recv failed error: 10054
2024-06-17 09:41:14.029818|ERROR   |              |   |TS3ANetwork::Recv failed error: 10054
2024-06-17 09:51:10.028855|ERROR   |              |   |TS3ANetwork::Recv failed error: 10054
2024-06-17 09:51:12.137416|ERROR   |              |   |TS3ANetwork::Recv failed error: 10054
2024-06-17 09:51:14.119052|ERROR   |              |   |TS3ANetwork::Recv failed error: 10054
2024-06-17 10:01:10.128806|ERROR   |              |   |TS3ANetwork::Recv failed error: 10054
2024-06-17 10:01:12.118446|ERROR   |              |   |TS3ANetwork::Recv failed error: 10054
2024-06-17 10:01:14.130775|ERROR   |              |   |TS3ANetwork::Recv failed error: 10054
