2024-06-20 14:08:14.445100|INFO    |ServerLibPriv |   |TeamSpeak 3 Server 3.13.7 (2022-06-20 12:21:53)
2024-06-20 14:08:14.445623|INFO    |ServerLibPriv |   |SystemInformation: Windows 10 (19045) x64 (AMD or Intel) Binary: 64bit
2024-06-20 14:08:14.445623|INFO    |ServerLibPriv |   |Using hardware aes
2024-06-20 14:08:14.488484|INFO    |DatabaseQuery |   |dbPlugin name:    SQLite3 plugin, Version 3, (c)TeamSpeak Systems GmbH
2024-06-20 14:08:14.488484|INFO    |DatabaseQuery |   |dbPlugin version: 3.11.1
2024-06-20 14:08:14.489482|INFO    |DatabaseQuery |   |checking database integrity (may take a while)
2024-06-20 14:08:14.753341|WARNING |Accounting    |   |Unable to open licensekey.dat, falling back to limited functionality
2024-06-20 14:08:14.776494|INFO    |Accounting    |   |Licensing Information
2024-06-20 14:08:14.776494|INFO    |Accounting    |   |licensed to       : Anonymous
2024-06-20 14:08:14.776494|INFO    |Accounting    |   |type              : No License
2024-06-20 14:08:14.776494|INFO    |Accounting    |   |starting date     : Tue Feb  1 00:00:00 2022
2024-06-20 14:08:14.776494|INFO    |Accounting    |   |ending date       : Thu Jul  1 00:00:00 2027
2024-06-20 14:08:14.776494|INFO    |Accounting    |   |max virtualservers: 1
2024-06-20 14:08:14.776494|INFO    |Accounting    |   |max slots         : 32
2024-06-20 14:08:17.531888|INFO    |              |   |Puzzle precompute time: 2665
2024-06-20 14:08:17.547472|INFO    |FileManager   |   |listening on 0.0.0.0:30033, [::]:30033
2024-06-20 14:08:17.571611|INFO    |Query         |   |Using a query thread pool size of 2
2024-06-20 14:08:17.763389|INFO    |Query         |   |listening for query on 0.0.0.0:10011, [::]:10011
2024-06-20 14:08:17.772941|INFO    |Query         |   |listening for ssh query on 0.0.0.0:10022, [::]:10022
2024-06-20 14:08:17.772941|INFO    |Query         |   |listening for http query on 0.0.0.0:10080, [::]:10080
2024-06-20 14:08:17.782092|INFO    |CIDRManager   |   |updated query_ip_allowlist ips: 127.0.0.1/32, ::1/128, 
2024-06-20 14:18:17.925234|ERROR   |              |   |TS3ANetwork::Recv failed error: 10054
2024-06-20 14:18:19.039273|ERROR   |              |   |TS3ANetwork::Recv failed error: 10054
2024-06-20 14:18:21.126967|ERROR   |              |   |TS3ANetwork::Recv failed error: 10054
2024-06-20 14:28:17.838182|ERROR   |              |   |TS3ANetwork::Recv failed error: 10054
2024-06-20 14:28:19.066123|ERROR   |              |   |TS3ANetwork::Recv failed error: 10054
2024-06-20 14:28:21.034190|ERROR   |              |   |TS3ANetwork::Recv failed error: 10054
2024-06-20 14:38:18.021244|ERROR   |              |   |TS3ANetwork::Recv failed error: 10054
2024-06-20 14:38:19.126942|ERROR   |              |   |TS3ANetwork::Recv failed error: 10054
2024-06-20 14:38:21.111476|ERROR   |              |   |TS3ANetwork::Recv failed error: 10054
2024-06-20 14:48:18.047125|ERROR   |              |   |TS3ANetwork::Recv failed error: 10054
2024-06-20 14:48:20.032072|ERROR   |              |   |TS3ANetwork::Recv failed error: 10054
2024-06-20 14:48:22.132604|ERROR   |              |   |TS3ANetwork::Recv failed error: 10054
2024-06-20 14:52:47.133699|INFO    |              |   |myTeamSpeak identifier revocation list was downloaded successfully - all related features are activated
2024-06-20 14:58:18.214751|ERROR   |              |   |TS3ANetwork::Recv failed error: 10054
2024-06-20 14:58:20.045380|ERROR   |              |   |TS3ANetwork::Recv failed error: 10054
2024-06-20 14:58:22.092770|ERROR   |              |   |TS3ANetwork::Recv failed error: 10054
2024-06-20 15:08:18.285007|ERROR   |              |   |TS3ANetwork::Recv failed error: 10054
2024-06-20 15:08:20.132908|ERROR   |              |   |TS3ANetwork::Recv failed error: 10054
2024-06-20 15:08:22.083500|ERROR   |              |   |TS3ANetwork::Recv failed error: 10054
2024-06-20 15:18:18.336824|ERROR   |              |   |TS3ANetwork::Recv failed error: 10054
2024-06-20 15:18:20.078259|ERROR   |              |   |TS3ANetwork::Recv failed error: 10054
2024-06-20 15:18:22.130209|ERROR   |              |   |TS3ANetwork::Recv failed error: 10054
2024-06-20 15:28:18.425831|ERROR   |              |   |TS3ANetwork::Recv failed error: 10054
2024-06-20 15:28:20.054612|ERROR   |              |   |TS3ANetwork::Recv failed error: 10054
2024-06-20 15:28:22.118637|ERROR   |              |   |TS3ANetwork::Recv failed error: 10054
2024-06-20 15:38:18.503933|ERROR   |              |   |TS3ANetwork::Recv failed error: 10054
2024-06-20 15:38:20.130941|ERROR   |              |   |TS3ANetwork::Recv failed error: 10054
2024-06-20 15:38:22.072330|ERROR   |              |   |TS3ANetwork::Recv failed error: 10054
2024-06-20 15:48:18.602134|ERROR   |              |   |TS3ANetwork::Recv failed error: 10054
2024-06-20 15:48:20.131461|ERROR   |              |   |TS3ANetwork::Recv failed error: 10054
2024-06-20 15:48:22.086454|ERROR   |              |   |TS3ANetwork::Recv failed error: 10054
2024-06-20 15:58:18.622342|ERROR   |              |   |TS3ANetwork::Recv failed error: 10054
2024-06-20 15:58:20.051756|ERROR   |              |   |TS3ANetwork::Recv failed error: 10054
2024-06-20 15:58:22.103368|ERROR   |              |   |TS3ANetwork::Recv failed error: 10054
2024-06-20 16:08:18.698026|ERROR   |              |   |TS3ANetwork::Recv failed error: 10054
2024-06-20 16:08:20.114255|ERROR   |              |   |TS3ANetwork::Recv failed error: 10054
2024-06-20 16:08:22.073931|ERROR   |              |   |TS3ANetwork::Recv failed error: 10054
2024-06-20 16:18:18.739964|ERROR   |              |   |TS3ANetwork::Recv failed error: 10054
2024-06-20 16:18:20.047166|ERROR   |              |   |TS3ANetwork::Recv failed error: 10054
2024-06-20 16:18:22.105666|ERROR   |              |   |TS3ANetwork::Recv failed error: 10054
2024-06-20 16:28:18.774970|ERROR   |              |   |TS3ANetwork::Recv failed error: 10054
2024-06-20 16:28:20.081177|ERROR   |              |   |TS3ANetwork::Recv failed error: 10054
2024-06-20 16:28:22.027982|ERROR   |              |   |TS3ANetwork::Recv failed error: 10054
2024-06-20 16:38:18.911507|ERROR   |              |   |TS3ANetwork::Recv failed error: 10054
2024-06-20 16:38:20.127595|ERROR   |              |   |TS3ANetwork::Recv failed error: 10054
2024-06-20 16:38:22.078586|ERROR   |              |   |TS3ANetwork::Recv failed error: 10054
2024-06-20 16:48:18.952170|ERROR   |              |   |TS3ANetwork::Recv failed error: 10054
2024-06-20 16:48:20.051045|ERROR   |              |   |TS3ANetwork::Recv failed error: 10054
2024-06-20 16:48:22.121556|ERROR   |              |   |TS3ANetwork::Recv failed error: 10054
2024-06-20 16:58:19.041709|ERROR   |              |   |TS3ANetwork::Recv failed error: 10054
2024-06-20 16:58:21.094699|ERROR   |              |   |TS3ANetwork::Recv failed error: 10054
2024-06-20 16:58:23.057071|ERROR   |              |   |TS3ANetwork::Recv failed error: 10054
2024-06-20 17:08:19.063128|ERROR   |              |   |TS3ANetwork::Recv failed error: 10054
2024-06-20 17:08:21.119907|ERROR   |              |   |TS3ANetwork::Recv failed error: 10054
2024-06-20 17:08:23.069235|ERROR   |              |   |TS3ANetwork::Recv failed error: 10054
2024-06-20 17:18:19.113557|ERROR   |              |   |TS3ANetwork::Recv failed error: 10054
2024-06-20 17:18:21.065730|ERROR   |              |   |TS3ANetwork::Recv failed error: 10054
2024-06-20 17:18:23.121331|ERROR   |              |   |TS3ANetwork::Recv failed error: 10054
2024-06-20 17:28:19.119224|ERROR   |              |   |TS3ANetwork::Recv failed error: 10054
2024-06-20 17:28:21.090766|ERROR   |              |   |TS3ANetwork::Recv failed error: 10054
2024-06-20 17:28:23.055689|ERROR   |              |   |TS3ANetwork::Recv failed error: 10054
2024-06-20 17:38:19.225751|ERROR   |              |   |TS3ANetwork::Recv failed error: 10054
2024-06-20 17:38:21.101729|ERROR   |              |   |TS3ANetwork::Recv failed error: 10054
2024-06-20 17:38:23.097440|ERROR   |              |   |TS3ANetwork::Recv failed error: 10054
2024-06-20 17:48:19.262519|ERROR   |              |   |TS3ANetwork::Recv failed error: 10054
2024-06-20 17:48:21.035200|ERROR   |              |   |TS3ANetwork::Recv failed error: 10054
2024-06-20 17:48:23.133169|ERROR   |              |   |TS3ANetwork::Recv failed error: 10054
2024-06-20 17:58:19.368622|ERROR   |              |   |TS3ANetwork::Recv failed error: 10054
2024-06-20 17:58:21.032564|ERROR   |              |   |TS3ANetwork::Recv failed error: 10054
2024-06-20 17:58:23.130970|ERROR   |              |   |TS3ANetwork::Recv failed error: 10054
2024-06-20 18:08:19.454239|ERROR   |              |   |TS3ANetwork::Recv failed error: 10054
2024-06-20 18:08:21.122211|ERROR   |              |   |TS3ANetwork::Recv failed error: 10054
2024-06-20 18:08:23.101700|ERROR   |              |   |TS3ANetwork::Recv failed error: 10054
2024-06-20 18:18:19.550997|ERROR   |              |   |TS3ANetwork::Recv failed error: 10054
2024-06-20 18:18:21.096991|ERROR   |              |   |TS3ANetwork::Recv failed error: 10054
2024-06-20 18:18:23.100315|ERROR   |              |   |TS3ANetwork::Recv failed error: 10054
2024-06-20 18:28:19.639207|ERROR   |              |   |TS3ANetwork::Recv failed error: 10054
2024-06-20 18:28:21.081042|ERROR   |              |   |TS3ANetwork::Recv failed error: 10054
2024-06-20 18:28:23.053251|ERROR   |              |   |TS3ANetwork::Recv failed error: 10054
2024-06-20 18:38:19.718629|ERROR   |              |   |TS3ANetwork::Recv failed error: 10054
2024-06-20 18:38:21.037302|ERROR   |              |   |TS3ANetwork::Recv failed error: 10054
2024-06-20 18:38:23.122850|ERROR   |              |   |TS3ANetwork::Recv failed error: 10054
2024-06-20 18:48:19.700192|ERROR   |              |   |TS3ANetwork::Recv failed error: 10054
2024-06-20 18:48:21.147462|ERROR   |              |   |TS3ANetwork::Recv failed error: 10054
2024-06-20 18:48:23.132491|ERROR   |              |   |TS3ANetwork::Recv failed error: 10054
2024-06-20 18:58:19.736446|ERROR   |              |   |TS3ANetwork::Recv failed error: 10054
2024-06-20 18:58:21.060881|ERROR   |              |   |TS3ANetwork::Recv failed error: 10054
2024-06-20 18:58:23.050822|ERROR   |              |   |TS3ANetwork::Recv failed error: 10054
2024-06-20 19:08:19.816654|ERROR   |              |   |TS3ANetwork::Recv failed error: 10054
2024-06-20 19:08:21.035977|ERROR   |              |   |TS3ANetwork::Recv failed error: 10054
2024-06-20 19:08:23.135776|ERROR   |              |   |TS3ANetwork::Recv failed error: 10054
2024-06-20 19:18:19.843135|ERROR   |              |   |TS3ANetwork::Recv failed error: 10054
2024-06-20 19:18:21.054667|ERROR   |              |   |TS3ANetwork::Recv failed error: 10054
2024-06-20 19:18:23.034203|ERROR   |              |   |TS3ANetwork::Recv failed error: 10054
2024-06-20 19:28:19.850285|ERROR   |              |   |TS3ANetwork::Recv failed error: 10054
2024-06-20 19:28:21.081551|ERROR   |              |   |TS3ANetwork::Recv failed error: 10054
2024-06-20 19:28:23.068753|ERROR   |              |   |TS3ANetwork::Recv failed error: 10054
2024-06-20 19:38:19.873448|ERROR   |              |   |TS3ANetwork::Recv failed error: 10054
2024-06-20 19:38:21.094138|ERROR   |              |   |TS3ANetwork::Recv failed error: 10054
2024-06-20 19:38:23.087520|ERROR   |              |   |TS3ANetwork::Recv failed error: 10054
2024-06-20 19:48:19.874762|ERROR   |              |   |TS3ANetwork::Recv failed error: 10054
2024-06-20 19:48:21.101275|ERROR   |              |   |TS3ANetwork::Recv failed error: 10054
2024-06-20 19:48:23.077149|ERROR   |              |   |TS3ANetwork::Recv failed error: 10054
2024-06-20 19:58:20.080189|ERROR   |              |   |TS3ANetwork::Recv failed error: 10054
2024-06-20 19:58:22.057858|ERROR   |              |   |TS3ANetwork::Recv failed error: 10054
2024-06-20 19:58:24.135753|ERROR   |              |   |TS3ANetwork::Recv failed error: 10054
2024-06-20 20:08:20.040889|ERROR   |              |   |TS3ANetwork::Recv failed error: 10054
2024-06-20 20:08:22.144521|ERROR   |              |   |TS3ANetwork::Recv failed error: 10054
2024-06-20 20:08:24.126371|ERROR   |              |   |TS3ANetwork::Recv failed error: 10054
2024-06-20 20:18:20.194640|ERROR   |              |   |TS3ANetwork::Recv failed error: 10054
2024-06-20 20:18:22.060781|ERROR   |              |   |TS3ANetwork::Recv failed error: 10054
2024-06-20 20:18:24.054789|ERROR   |              |   |TS3ANetwork::Recv failed error: 10054
2024-06-20 20:28:20.238713|ERROR   |              |   |TS3ANetwork::Recv failed error: 10054
2024-06-20 20:28:22.111445|ERROR   |              |   |TS3ANetwork::Recv failed error: 10054
2024-06-20 20:28:24.085390|ERROR   |              |   |TS3ANetwork::Recv failed error: 10054
2024-06-20 20:38:20.294028|ERROR   |              |   |TS3ANetwork::Recv failed error: 10054
2024-06-20 20:38:22.055276|ERROR   |              |   |TS3ANetwork::Recv failed error: 10054
2024-06-20 20:38:24.040605|ERROR   |              |   |TS3ANetwork::Recv failed error: 10054
2024-06-20 20:48:20.322408|ERROR   |              |   |TS3ANetwork::Recv failed error: 10054
2024-06-20 20:48:22.099558|ERROR   |              |   |TS3ANetwork::Recv failed error: 10054
2024-06-20 20:48:24.085072|ERROR   |              |   |TS3ANetwork::Recv failed error: 10054
2024-06-20 20:58:20.347709|ERROR   |              |   |TS3ANetwork::Recv failed error: 10054
2024-06-20 20:58:22.102334|ERROR   |              |   |TS3ANetwork::Recv failed error: 10054
2024-06-20 20:58:24.095146|ERROR   |              |   |TS3ANetwork::Recv failed error: 10054
2024-06-20 21:08:20.385301|ERROR   |              |   |TS3ANetwork::Recv failed error: 10054
2024-06-20 21:08:22.031498|ERROR   |              |   |TS3ANetwork::Recv failed error: 10054
2024-06-20 21:08:24.120589|ERROR   |              |   |TS3ANetwork::Recv failed error: 10054
2024-06-20 21:18:20.416189|ERROR   |              |   |TS3ANetwork::Recv failed error: 10054
2024-06-20 21:18:22.080566|ERROR   |              |   |TS3ANetwork::Recv failed error: 10054
2024-06-20 21:18:24.066412|ERROR   |              |   |TS3ANetwork::Recv failed error: 10054
2024-06-20 21:28:20.417322|ERROR   |              |   |TS3ANetwork::Recv failed error: 10054
2024-06-20 21:28:22.091972|ERROR   |              |   |TS3ANetwork::Recv failed error: 10054
2024-06-20 21:28:24.069764|ERROR   |              |   |TS3ANetwork::Recv failed error: 10054
2024-06-20 21:38:20.418106|ERROR   |              |   |TS3ANetwork::Recv failed error: 10054
2024-06-20 21:38:22.081155|ERROR   |              |   |TS3ANetwork::Recv failed error: 10054
2024-06-20 21:38:24.071850|ERROR   |              |   |TS3ANetwork::Recv failed error: 10054
2024-06-20 21:48:20.457624|ERROR   |              |   |TS3ANetwork::Recv failed error: 10054
2024-06-20 21:48:22.115814|ERROR   |              |   |TS3ANetwork::Recv failed error: 10054
2024-06-20 21:48:24.089670|ERROR   |              |   |TS3ANetwork::Recv failed error: 10054
2024-06-20 21:58:20.492511|ERROR   |              |   |TS3ANetwork::Recv failed error: 10054
2024-06-20 21:58:22.034639|ERROR   |              |   |TS3ANetwork::Recv failed error: 10054
2024-06-20 21:58:24.121159|ERROR   |              |   |TS3ANetwork::Recv failed error: 10054
2024-06-20 22:08:20.521063|ERROR   |              |   |TS3ANetwork::Recv failed error: 10054
2024-06-20 22:08:22.082115|ERROR   |              |   |TS3ANetwork::Recv failed error: 10054
2024-06-20 22:08:24.058784|ERROR   |              |   |TS3ANetwork::Recv failed error: 10054
2024-06-20 22:18:20.524993|ERROR   |              |   |TS3ANetwork::Recv failed error: 10054
2024-06-20 22:18:22.069165|ERROR   |              |   |TS3ANetwork::Recv failed error: 10054
2024-06-20 22:18:24.059236|ERROR   |              |   |TS3ANetwork::Recv failed error: 10054
2024-06-20 22:28:20.534491|ERROR   |              |   |TS3ANetwork::Recv failed error: 10054
2024-06-20 22:28:22.078426|ERROR   |              |   |TS3ANetwork::Recv failed error: 10054
2024-06-20 22:28:24.050880|ERROR   |              |   |TS3ANetwork::Recv failed error: 10054
2024-06-20 22:38:20.597499|ERROR   |              |   |TS3ANetwork::Recv failed error: 10054
2024-06-20 22:38:22.034048|ERROR   |              |   |TS3ANetwork::Recv failed error: 10054
2024-06-20 22:38:24.120370|ERROR   |              |   |TS3ANetwork::Recv failed error: 10054
2024-06-20 22:48:20.587173|ERROR   |              |   |TS3ANetwork::Recv failed error: 10054
2024-06-20 22:48:22.148162|ERROR   |              |   |TS3ANetwork::Recv failed error: 10054
2024-06-20 22:48:24.129508|ERROR   |              |   |TS3ANetwork::Recv failed error: 10054
2024-06-20 22:58:20.596654|ERROR   |              |   |TS3ANetwork::Recv failed error: 10054
2024-06-20 22:58:22.032303|ERROR   |              |   |TS3ANetwork::Recv failed error: 10054
2024-06-20 22:58:24.127414|ERROR   |              |   |TS3ANetwork::Recv failed error: 10054
2024-06-20 23:08:20.655439|ERROR   |              |   |TS3ANetwork::Recv failed error: 10054
2024-06-20 23:08:22.087928|ERROR   |              |   |TS3ANetwork::Recv failed error: 10054
2024-06-20 23:08:24.068969|ERROR   |              |   |TS3ANetwork::Recv failed error: 10054
2024-06-20 23:18:20.639138|ERROR   |              |   |TS3ANetwork::Recv failed error: 10054
2024-06-20 23:18:22.081941|ERROR   |              |   |TS3ANetwork::Recv failed error: 10054
2024-06-20 23:18:24.061698|ERROR   |              |   |TS3ANetwork::Recv failed error: 10054
2024-06-20 23:28:20.575392|ERROR   |              |   |TS3ANetwork::Recv failed error: 10054
2024-06-20 23:28:22.133545|ERROR   |              |   |TS3ANetwork::Recv failed error: 10054
2024-06-20 23:28:24.103635|ERROR   |              |   |TS3ANetwork::Recv failed error: 10054
2024-06-20 23:38:20.692792|ERROR   |              |   |TS3ANetwork::Recv failed error: 10054
2024-06-20 23:38:22.129229|ERROR   |              |   |TS3ANetwork::Recv failed error: 10054
2024-06-20 23:38:24.129342|ERROR   |              |   |TS3ANetwork::Recv failed error: 10054
2024-06-20 23:48:20.601090|ERROR   |              |   |TS3ANetwork::Recv failed error: 10054
2024-06-20 23:48:22.041911|ERROR   |              |   |TS3ANetwork::Recv failed error: 10054
2024-06-20 23:48:24.028273|ERROR   |              |   |TS3ANetwork::Recv failed error: 10054
2024-06-20 23:58:20.741886|ERROR   |              |   |TS3ANetwork::Recv failed error: 10054
2024-06-20 23:58:22.059348|ERROR   |              |   |TS3ANetwork::Recv failed error: 10054
2024-06-20 23:58:24.032907|ERROR   |              |   |TS3ANetwork::Recv failed error: 10054
2024-06-21 00:08:20.743669|ERROR   |              |   |TS3ANetwork::Recv failed error: 10054
2024-06-21 00:08:22.087102|ERROR   |              |   |TS3ANetwork::Recv failed error: 10054
2024-06-21 00:08:24.067016|ERROR   |              |   |TS3ANetwork::Recv failed error: 10054
2024-06-21 00:18:20.826589|ERROR   |              |   |TS3ANetwork::Recv failed error: 10054
2024-06-21 00:18:22.043271|ERROR   |              |   |TS3ANetwork::Recv failed error: 10054
2024-06-21 00:18:24.138705|ERROR   |              |   |TS3ANetwork::Recv failed error: 10054
2024-06-21 00:28:20.812155|ERROR   |              |   |TS3ANetwork::Recv failed error: 10054
2024-06-21 00:28:22.034254|ERROR   |              |   |TS3ANetwork::Recv failed error: 10054
2024-06-21 00:28:24.125086|ERROR   |              |   |TS3ANetwork::Recv failed error: 10054
2024-06-21 00:38:20.814865|ERROR   |              |   |TS3ANetwork::Recv failed error: 10054
2024-06-21 00:38:22.042466|ERROR   |              |   |TS3ANetwork::Recv failed error: 10054
2024-06-21 00:38:24.128930|ERROR   |              |   |TS3ANetwork::Recv failed error: 10054
2024-06-21 00:48:20.850902|ERROR   |              |   |TS3ANetwork::Recv failed error: 10054
2024-06-21 00:48:22.084292|ERROR   |              |   |TS3ANetwork::Recv failed error: 10054
2024-06-21 00:48:24.069063|ERROR   |              |   |TS3ANetwork::Recv failed error: 10054
2024-06-21 00:58:20.844494|ERROR   |              |   |TS3ANetwork::Recv failed error: 10054
2024-06-21 00:58:22.067988|ERROR   |              |   |TS3ANetwork::Recv failed error: 10054
2024-06-21 00:58:24.066114|ERROR   |              |   |TS3ANetwork::Recv failed error: 10054
2024-06-21 01:08:20.861766|ERROR   |              |   |TS3ANetwork::Recv failed error: 10054
2024-06-21 01:08:22.079367|ERROR   |              |   |TS3ANetwork::Recv failed error: 10054
2024-06-21 01:08:24.059861|ERROR   |              |   |TS3ANetwork::Recv failed error: 10054
2024-06-21 01:18:20.886580|ERROR   |              |   |TS3ANetwork::Recv failed error: 10054
2024-06-21 01:18:22.104353|ERROR   |              |   |TS3ANetwork::Recv failed error: 10054
2024-06-21 01:18:24.090335|ERROR   |              |   |TS3ANetwork::Recv failed error: 10054
2024-06-21 01:28:20.877782|ERROR   |              |   |TS3ANetwork::Recv failed error: 10054
2024-06-21 01:28:22.129515|ERROR   |              |   |TS3ANetwork::Recv failed error: 10054
2024-06-21 01:28:24.109596|ERROR   |              |   |TS3ANetwork::Recv failed error: 10054
2024-06-21 01:38:20.988459|ERROR   |              |   |TS3ANetwork::Recv failed error: 10054
2024-06-21 01:38:22.102831|ERROR   |              |   |TS3ANetwork::Recv failed error: 10054
2024-06-21 01:38:24.115957|ERROR   |              |   |TS3ANetwork::Recv failed error: 10054
2024-06-21 01:48:21.050385|ERROR   |              |   |TS3ANetwork::Recv failed error: 10054
2024-06-21 01:48:23.031521|ERROR   |              |   |TS3ANetwork::Recv failed error: 10054
2024-06-21 01:48:25.148978|ERROR   |              |   |TS3ANetwork::Recv failed error: 10054
2024-06-21 01:58:21.069161|ERROR   |              |   |TS3ANetwork::Recv failed error: 10054
2024-06-21 01:58:23.045954|ERROR   |              |   |TS3ANetwork::Recv failed error: 10054
2024-06-21 01:58:25.135817|ERROR   |              |   |TS3ANetwork::Recv failed error: 10054
2024-06-21 02:08:21.141073|ERROR   |              |   |TS3ANetwork::Recv failed error: 10054
2024-06-21 02:08:23.119542|ERROR   |              |   |TS3ANetwork::Recv failed error: 10054
2024-06-21 02:18:21.157381|ERROR   |              |   |TS3ANetwork::Recv failed error: 10054
2024-06-21 02:18:23.058734|ERROR   |              |   |TS3ANetwork::Recv failed error: 10054
2024-06-21 02:18:25.031721|ERROR   |              |   |TS3ANetwork::Recv failed error: 10054
2024-06-21 02:28:21.168800|ERROR   |              |   |TS3ANetwork::Recv failed error: 10054
2024-06-21 02:28:23.040869|ERROR   |              |   |TS3ANetwork::Recv failed error: 10054
2024-06-21 02:28:25.165784|ERROR   |              |   |TS3ANetwork::Recv failed error: 10054
2024-06-21 02:38:21.199155|ERROR   |              |   |TS3ANetwork::Recv failed error: 10054
2024-06-21 02:38:23.074126|ERROR   |              |   |TS3ANetwork::Recv failed error: 10054
2024-06-21 02:38:25.050905|ERROR   |              |   |TS3ANetwork::Recv failed error: 10054
2024-06-21 02:48:21.234681|ERROR   |              |   |TS3ANetwork::Recv failed error: 10054
2024-06-21 02:48:23.097294|ERROR   |              |   |TS3ANetwork::Recv failed error: 10054
2024-06-21 02:48:25.077161|ERROR   |              |   |TS3ANetwork::Recv failed error: 10054
2024-06-21 02:58:21.284533|ERROR   |              |   |TS3ANetwork::Recv failed error: 10054
2024-06-21 02:58:23.064614|ERROR   |              |   |TS3ANetwork::Recv failed error: 10054
2024-06-21 02:58:25.038972|ERROR   |              |   |TS3ANetwork::Recv failed error: 10054
2024-06-21 03:08:21.361907|ERROR   |              |   |TS3ANetwork::Recv failed error: 10054
2024-06-21 03:08:23.124413|ERROR   |              |   |TS3ANetwork::Recv failed error: 10054
2024-06-21 03:08:25.125346|ERROR   |              |   |TS3ANetwork::Recv failed error: 10054
2024-06-21 03:18:21.432725|ERROR   |              |   |TS3ANetwork::Recv failed error: 10054
2024-06-21 03:18:23.084293|ERROR   |              |   |TS3ANetwork::Recv failed error: 10054
2024-06-21 03:18:25.066000|ERROR   |              |   |TS3ANetwork::Recv failed error: 10054
2024-06-21 03:28:21.454392|ERROR   |              |   |TS3ANetwork::Recv failed error: 10054
2024-06-21 03:28:23.102736|ERROR   |              |   |TS3ANetwork::Recv failed error: 10054
2024-06-21 03:28:25.083039|ERROR   |              |   |TS3ANetwork::Recv failed error: 10054
2024-06-21 03:38:21.440713|ERROR   |              |   |TS3ANetwork::Recv failed error: 10054
2024-06-21 03:38:23.108383|ERROR   |              |   |TS3ANetwork::Recv failed error: 10054
2024-06-21 03:38:25.082029|ERROR   |              |   |TS3ANetwork::Recv failed error: 10054
2024-06-21 03:48:21.464005|ERROR   |              |   |TS3ANetwork::Recv failed error: 10054
2024-06-21 03:48:25.089942|ERROR   |              |   |TS3ANetwork::Recv failed error: 10054
2024-06-21 03:58:21.459765|ERROR   |              |   |TS3ANetwork::Recv failed error: 10054
2024-06-21 03:58:23.111661|ERROR   |              |   |TS3ANetwork::Recv failed error: 10054
2024-06-21 03:58:25.090725|ERROR   |              |   |TS3ANetwork::Recv failed error: 10054
2024-06-21 04:08:21.640930|ERROR   |              |   |TS3ANetwork::Recv failed error: 10054
2024-06-21 04:08:23.071830|ERROR   |              |   |TS3ANetwork::Recv failed error: 10054
2024-06-21 04:08:25.053973|ERROR   |              |   |TS3ANetwork::Recv failed error: 10054
2024-06-21 04:18:21.634156|ERROR   |              |   |TS3ANetwork::Recv failed error: 10054
2024-06-21 04:18:23.102597|ERROR   |              |   |TS3ANetwork::Recv failed error: 10054
2024-06-21 04:18:25.074412|ERROR   |              |   |TS3ANetwork::Recv failed error: 10054
2024-06-21 04:28:21.628060|ERROR   |              |   |TS3ANetwork::Recv failed error: 10054
2024-06-21 04:28:23.070552|ERROR   |              |   |TS3ANetwork::Recv failed error: 10054
2024-06-21 04:28:25.078294|ERROR   |              |   |TS3ANetwork::Recv failed error: 10054
2024-06-21 04:38:21.692723|ERROR   |              |   |TS3ANetwork::Recv failed error: 10054
2024-06-21 04:38:25.084412|ERROR   |              |   |TS3ANetwork::Recv failed error: 10054
2024-06-21 04:48:21.674505|ERROR   |              |   |TS3ANetwork::Recv failed error: 10054
2024-06-21 04:48:23.102253|ERROR   |              |   |TS3ANetwork::Recv failed error: 10054
2024-06-21 04:48:25.080417|ERROR   |              |   |TS3ANetwork::Recv failed error: 10054
2024-06-21 04:58:21.738251|ERROR   |              |   |TS3ANetwork::Recv failed error: 10054
2024-06-21 04:58:23.093797|ERROR   |              |   |TS3ANetwork::Recv failed error: 10054
2024-06-21 04:58:25.068517|ERROR   |              |   |TS3ANetwork::Recv failed error: 10054
2024-06-21 05:08:21.770545|ERROR   |              |   |TS3ANetwork::Recv failed error: 10054
2024-06-21 05:08:23.106133|ERROR   |              |   |TS3ANetwork::Recv failed error: 10054
2024-06-21 05:08:25.104310|ERROR   |              |   |TS3ANetwork::Recv failed error: 10054
2024-06-21 05:18:21.816435|ERROR   |              |   |TS3ANetwork::Recv failed error: 10054
2024-06-21 05:18:23.037245|ERROR   |              |   |TS3ANetwork::Recv failed error: 10054
2024-06-21 05:18:25.131578|ERROR   |              |   |TS3ANetwork::Recv failed error: 10054
2024-06-21 05:28:21.893873|ERROR   |              |   |TS3ANetwork::Recv failed error: 10054
2024-06-21 05:28:23.102444|ERROR   |              |   |TS3ANetwork::Recv failed error: 10054
2024-06-21 05:28:25.088098|ERROR   |              |   |TS3ANetwork::Recv failed error: 10054
2024-06-21 05:38:21.928315|ERROR   |              |   |TS3ANetwork::Recv failed error: 10054
2024-06-21 05:38:23.066142|ERROR   |              |   |TS3ANetwork::Recv failed error: 10054
2024-06-21 05:38:25.043150|ERROR   |              |   |TS3ANetwork::Recv failed error: 10054
2024-06-21 05:48:22.007772|ERROR   |              |   |TS3ANetwork::Recv failed error: 10054
2024-06-21 05:48:23.117801|ERROR   |              |   |TS3ANetwork::Recv failed error: 10054
2024-06-21 05:48:25.123268|ERROR   |              |   |TS3ANetwork::Recv failed error: 10054
2024-06-21 05:58:22.076386|ERROR   |              |   |TS3ANetwork::Recv failed error: 10054
2024-06-21 05:58:24.056805|ERROR   |              |   |TS3ANetwork::Recv failed error: 10054
2024-06-21 05:58:26.065658|ERROR   |              |   |TS3ANetwork::Recv failed error: 10054
2024-06-21 06:08:22.178323|ERROR   |              |   |TS3ANetwork::Recv failed error: 10054
2024-06-21 06:08:24.051908|ERROR   |              |   |TS3ANetwork::Recv failed error: 10054
2024-06-21 06:08:26.036278|ERROR   |              |   |TS3ANetwork::Recv failed error: 10054
2024-06-21 06:18:22.223626|ERROR   |              |   |TS3ANetwork::Recv failed error: 10054
2024-06-21 06:18:24.086272|ERROR   |              |   |TS3ANetwork::Recv failed error: 10054
2024-06-21 06:18:26.060882|ERROR   |              |   |TS3ANetwork::Recv failed error: 10054
2024-06-21 06:28:22.278420|ERROR   |              |   |TS3ANetwork::Recv failed error: 10054
2024-06-21 06:28:24.063981|ERROR   |              |   |TS3ANetwork::Recv failed error: 10054
2024-06-21 06:28:26.031084|ERROR   |              |   |TS3ANetwork::Recv failed error: 10054
2024-06-21 06:38:22.360389|ERROR   |              |   |TS3ANetwork::Recv failed error: 10054
2024-06-21 06:38:24.121069|ERROR   |              |   |TS3ANetwork::Recv failed error: 10054
2024-06-21 06:48:22.362058|ERROR   |              |   |TS3ANetwork::Recv failed error: 10054
2024-06-21 06:48:24.130751|ERROR   |              |   |TS3ANetwork::Recv failed error: 10054
2024-06-21 06:48:26.112621|ERROR   |              |   |TS3ANetwork::Recv failed error: 10054
2024-06-21 06:58:22.429406|ERROR   |              |   |TS3ANetwork::Recv failed error: 10054
2024-06-21 06:58:24.074699|ERROR   |              |   |TS3ANetwork::Recv failed error: 10054
2024-06-21 06:58:26.050809|ERROR   |              |   |TS3ANetwork::Recv failed error: 10054
2024-06-21 07:08:22.430189|ERROR   |              |   |TS3ANetwork::Recv failed error: 10054
2024-06-21 07:08:24.114894|ERROR   |              |   |TS3ANetwork::Recv failed error: 10054
2024-06-21 07:08:26.082549|ERROR   |              |   |TS3ANetwork::Recv failed error: 10054
2024-06-21 07:18:22.487432|ERROR   |              |   |TS3ANetwork::Recv failed error: 10054
2024-06-21 07:18:24.030528|ERROR   |              |   |TS3ANetwork::Recv failed error: 10054
2024-06-21 07:18:26.142479|ERROR   |              |   |TS3ANetwork::Recv failed error: 10054
2024-06-21 07:28:22.584887|ERROR   |              |   |TS3ANetwork::Recv failed error: 10054
2024-06-21 07:28:24.027623|ERROR   |              |   |TS3ANetwork::Recv failed error: 10054
2024-06-21 07:28:26.128673|ERROR   |              |   |TS3ANetwork::Recv failed error: 10054
2024-06-21 07:38:22.658676|ERROR   |              |   |TS3ANetwork::Recv failed error: 10054
2024-06-21 07:38:24.098868|ERROR   |              |   |TS3ANetwork::Recv failed error: 10054
2024-06-21 07:38:26.066603|ERROR   |              |   |TS3ANetwork::Recv failed error: 10054
2024-06-21 07:48:22.688206|ERROR   |              |   |TS3ANetwork::Recv failed error: 10054
2024-06-21 07:48:24.154161|ERROR   |              |   |TS3ANetwork::Recv failed error: 10054
2024-06-21 07:48:26.125955|ERROR   |              |   |TS3ANetwork::Recv failed error: 10054
2024-06-21 07:58:22.764874|ERROR   |              |   |TS3ANetwork::Recv failed error: 10054
2024-06-21 07:58:24.092975|ERROR   |              |   |TS3ANetwork::Recv failed error: 10054
2024-06-21 07:58:26.095850|ERROR   |              |   |TS3ANetwork::Recv failed error: 10054
2024-06-21 08:08:22.813324|ERROR   |              |   |TS3ANetwork::Recv failed error: 10054
2024-06-21 08:08:24.034162|ERROR   |              |   |TS3ANetwork::Recv failed error: 10054
2024-06-21 08:08:26.127263|ERROR   |              |   |TS3ANetwork::Recv failed error: 10054
